{"meta": {"format": 3, "version": "7.13.4", "timestamp": "2026-02-19T23:03:26.990288", "branch_coverage": false, "show_contexts": false}, "files": {"app.py": {"executed_lines": [], "summary": {"covered_lines": 0, "num_statements": 55, "percent_covered": 0.0, "percent_covered_display": "0", "missing_lines": 55, "excluded_lines": 0, "percent_statements_covered": 0.0, "percent_statements_covered_display": "0"}, "missing_lines": [1, 2, 3, 4, 6, 7, 9, 11, 12, 13, 15, 17, 18, 20, 22, 23, 24, 25, 27, 28, 29, 30, 31, 32, 33, 34, 35, 36, 37, 39, 40, 41, 42, 43, 44, 45, 46, 47, 48, 49, 51, 52, 54, 55, 65, 66, 67, 70, 71, 91, 92, 93, 94, 96, 97], "excluded_lines": [], "functions": {"index": {"executed_lines": [], "summary": {"covered_lines": 0, "num_statements": 2, "percent_covered": 0.0, "percent_covered_display": "0", "missing_lines": 2, "excluded_lines": 0, "percent_statements_covered": 0.0, "percent_statements_covered_display": "0"}, "missing_lines": [24, 25], "excluded_lines": [], "start_line": 23}, "serve_css": {"executed_lines": [], "summary": {"covered_lines": 0, "num_statements": 9, "percent_covered": 0.0, "percent_covered_display": "0", "missing_lines": 9, "excluded_lines": 0, "percent_statements_covered": 0.0, "percent_statements_covered_display": "0"}, "missing_lines": [29, 30, 31, 32, 33, 34, 35, 36, 37], "excluded_lines": [], "start_line": 28}, "serve_js": {"executed_lines": [], "summary": {"covered_lines": 0, "num_statements": 9, "percent_covered": 0.0, "percent_covered_display": "0", "missing_lines": 9, "excluded_lines": 0, "percent_statements_covered": 0.0, "percent_statements_covered_display": "0"}, "missing_lines": [41, 42, 43, 44, 45, 46, 47, 48, 49], "excluded_lines": [], "start_line": 40}, "": {"executed_lines": [], "summary": {"covered_lines": 0, "num_statements": 35, "percent_covered": 0.0, "percent_covered_display": "0", "missing_lines": 35, "excluded_lines": 0, "percent_statements_covered": 0.0, "percent_statements_covered_display": "0"}, "missing_lines": [1, 2, 3, 4, 6, 7, 9, 11, 12, 13, 15, 17, 18, 20, 22, 23, 27, 28, 39, 40, 51, 52, 54, 55, 65, 66, 67, 70, 71, 91, 92, 93, 94, 96, 97], "excluded_lines": [], "start_line": 1}}, "classes": {"": {"executed_lines": [], "summary": {"covered_lines": 0, "num_statements": 55, "percent_covered": 0.0, "percent_covered_display": "0", "missing_lines": 55, "excluded_lines": 0, "percent_statements_covered": 0.0, "percent_statements_covered_display": "0"}, "missing_lines": [1, 2, 3, 4, 6, 7, 9, 11, 12, 13, 15, 17, 18, 20, 22, 23, 24, 25, 27, 28, 29, 30, 31, 32, 33, 34, 35, 36, 37, 39, 40, 41, 42, 43, 44, 45, 46, 47, 48, 49, 51, 52, 54, 55, 65, 66, 67, 70, 71, 91, 92, 93, 94, 96, 97], "excluded_lines": [], "start_line": 1}}}, "extensions.py": {"executed_lines": [1, 3], "summary": {"covered_lines": 2, "num_statements": 2, "percent_covered": 100.0, "percent_covered_display": "100", "missing_lines": 0, "excluded_lines": 0, "percent_statements_covered": 100.0, "percent_statements_covered_display": "100"}, "missing_lines": [], "excluded_lines": [], "functions": {"": {"executed_lines": [1, 3], "summary": {"covered_lines": 2, "num_statements": 2, "percent_covered": 100.0, "percent_covered_display": "100", "missing_lines": 0, "excluded_lines": 0, "percent_statements_covered": 100.0, "percent_statements_covered_display": "100"}, "missing_lines": [], "excluded_lines": [], "start_line": 1}}, "classes": {"": {"executed_lines": [1, 3], "summary": {"covered_lines": 2, "num_statements": 2, "percent_covered": 100.0, "percent_covered_display": "100", "missing_lines": 0, "excluded_lines": 0, "percent_statements_covered": 100.0, "percent_statements_covered_display": "100"}, "missing_lines": [], "excluded_lines": [], "start_line": 1}}}, "models.py": {"executed_lines": [1, 2, 3, 5, 6, 8, 9, 11, 12, 13, 14, 15, 16, 17, 18, 19, 20, 21, 22, 24, 25, 26, 27, 28, 29, 30, 31, 32, 33, 35, 36, 38, 39, 40, 41, 42, 43, 44, 45, 46, 47, 48, 49, 50, 52, 53, 55, 56, 57, 58, 59, 60, 61, 62, 63, 64, 65, 66, 68, 69, 71, 72, 73, 74, 75, 76, 77, 78, 80, 81, 83, 84, 85, 86, 87, 88, 89, 90, 92, 93, 95, 96, 97, 98, 99, 100, 101, 102, 103, 104, 105, 106, 108, 109, 111, 112, 113, 114, 115, 116, 117, 118, 119, 121, 122, 124, 125, 126, 127, 128, 129, 131, 132, 134, 135, 136, 137, 138, 139, 140, 141, 142, 143, 144, 146, 147, 149, 150, 151, 152, 153, 154, 155, 156, 157, 158, 159, 160, 162, 163, 165, 166, 167, 168, 169, 170, 171, 174, 175, 177, 178, 179, 180, 181, 182, 183, 184, 185, 188, 189, 190, 191, 192, 193, 194, 195, 196, 197, 198, 199, 200], "summary": {"covered_lines": 171, "num_statements": 171, "percent_covered": 100.0, "percent_covered_display": "100", "missing_lines": 0, "excluded_lines": 0, "percent_statements_covered": 100.0, "percent_statements_covered_display": "100"}, "missing_lines": [], "excluded_lines": [], "functions": {"utc_now": {"executed_lines": [6], "summary": {"covered_lines": 1, "num_statements": 1, "percent_covered": 100.0, "percent_covered_display": "100", "missing_lines": 0, "excluded_lines": 0, "percent_statements_covered": 100.0, "percent_statements_covered_display": "100"}, "missing_lines": [], "excluded_lines": [], "start_line": 5}, "": {"executed_lines": [1, 2, 3, 5, 8, 9, 11, 12, 13, 14, 15, 16, 17, 18, 19, 20, 21, 22, 24, 25, 26, 27, 28, 29, 30, 31, 32, 33, 35, 36, 38, 39, 40, 41, 42, 43, 44, 45, 46, 47, 48, 49, 50, 52, 53, 55, 56, 57, 58, 59, 60, 61, 62, 63, 64, 65, 66, 68, 69, 71, 72, 73, 74, 75, 76, 77, 78, 80, 81, 83, 84, 85, 86, 87, 88, 89, 90, 92, 93, 95, 96, 97, 98, 99, 100, 101, 102, 103, 104, 105, 106, 108, 109, 111, 112, 113, 114, 115, 116, 117, 118, 119, 121, 122, 124, 125, 126, 127, 128, 129, 131, 132, 134, 135, 136, 137, 138, 139, 140, 141, 142, 143, 144, 146, 147, 149, 150, 151, 152, 153, 154, 155, 156, 157, 158, 159, 160, 162, 163, 165, 166, 167, 168, 169, 170, 171, 174, 175, 177, 178, 179, 180, 181, 182, 183, 184, 185, 188, 189, 190, 191, 192, 193, 194, 195, 196, 197, 198, 199, 200], "summary": {"covered_lines": 170, "num_statements": 170, "percent_covered": 100.0, "percent_covered_display": "100", "missing_lines": 0, "excluded_lines": 0, "percent_statements_covered": 100.0, "percent_statements_covered_display": "100"}, "missing_lines": [], "excluded_lines": [], "start_line": 1}}, "classes": {"Vehicle": {"executed_lines": [], "summary": {"covered_lines": 0, "num_statements": 0, "percent_covered": 100.0, "percent_covered_display": "100", "missing_lines": 0, "excluded_lines": 0, "percent_statements_covered": 100.0, "percent_statements_covered_display": "100"}, "missing_lines": [], "excluded_lines": [], "start_line": 8}, "Maintenance": {"executed_lines": [], "summary": {"covered_lines": 0, "num_statements": 0, "percent_covered": 100.0, "percent_covered_display": "100", "missing_lines": 0, "excluded_lines": 0, "percent_statements_covered": 100.0, "percent_statements_covered_display": "100"}, "missing_lines": [], "excluded_lines": [], "start_line": 35}, "Mod": {"executed_lines": [], "summary": {"covered_lines": 0, "num_statements": 0, "percent_covered": 100.0, "percent_covered_display": "100", "missing_lines": 0, "excluded_lines": 0, "percent_statements_covered": 100.0, "percent_statements_covered_display": "100"}, "missing_lines": [], "excluded_lines": [], "start_line": 52}, "Cost": {"executed_lines": [], "summary": {"covered_lines": 0, "num_statements": 0, "percent_covered": 100.0, "percent_covered_display": "100", "missing_lines": 0, "excluded_lines": 0, "percent_statements_covered": 100.0, "percent_statements_covered_display": "100"}, "missing_lines": [], "excluded_lines": [], "start_line": 68}, "Note": {"executed_lines": [], "summary": {"covered_lines": 0, "num_statements": 0, "percent_covered": 100.0, "percent_covered_display": "100", "missing_lines": 0, "excluded_lines": 0, "percent_statements_covered": 100.0, "percent_statements_covered_display": "100"}, "missing_lines": [], "excluded_lines": [], "start_line": 80}, "VCDSFault": {"executed_lines": [], "summary": {"covered_lines": 0, "num_statements": 0, "percent_covered": 100.0, "percent_covered_display": "100", "missing_lines": 0, "excluded_lines": 0, "percent_statements_covered": 100.0, "percent_statements_covered_display": "100"}, "missing_lines": [], "excluded_lines": [], "start_line": 92}, "Guide": {"executed_lines": [], "summary": {"covered_lines": 0, "num_statements": 0, "percent_covered": 100.0, "percent_covered_display": "100", "missing_lines": 0, "excluded_lines": 0, "percent_statements_covered": 100.0, "percent_statements_covered_display": "100"}, "missing_lines": [], "excluded_lines": [], "start_line": 108}, "VehiclePhoto": {"executed_lines": [], "summary": {"covered_lines": 0, "num_statements": 0, "percent_covered": 100.0, "percent_covered_display": "100", "missing_lines": 0, "excluded_lines": 0, "percent_statements_covered": 100.0, "percent_statements_covered_display": "100"}, "missing_lines": [], "excluded_lines": [], "start_line": 121}, "FuelEntry": {"executed_lines": [], "summary": {"covered_lines": 0, "num_statements": 0, "percent_covered": 100.0, "percent_covered_display": "100", "missing_lines": 0, "excluded_lines": 0, "percent_statements_covered": 100.0, "percent_statements_covered_display": "100"}, "missing_lines": [], "excluded_lines": [], "start_line": 131}, "Reminder": {"executed_lines": [], "summary": {"covered_lines": 0, "num_statements": 0, "percent_covered": 100.0, "percent_covered_display": "100", "missing_lines": 0, "excluded_lines": 0, "percent_statements_covered": 100.0, "percent_statements_covered_display": "100"}, "missing_lines": [], "excluded_lines": [], "start_line": 146}, "Setting": {"executed_lines": [], "summary": {"covered_lines": 0, "num_statements": 0, "percent_covered": 100.0, "percent_covered_display": "100", "missing_lines": 0, "excluded_lines": 0, "percent_statements_covered": 100.0, "percent_statements_covered_display": "100"}, "missing_lines": [], "excluded_lines": [], "start_line": 162}, "ServiceDocument": {"executed_lines": [], "summary": {"covered_lines": 0, "num_statements": 0, "percent_covered": 100.0, "percent_covered_display": "100", "missing_lines": 0, "excluded_lines": 0, "percent_statements_covered": 100.0, "percent_statements_covered_display": "100"}, "missing_lines": [], "excluded_lines": [], "start_line": 174}, "Receipt": {"executed_lines": [], "summary": {"covered_lines": 0, "num_statements": 0, "percent_covered": 100.0, "percent_covered_display": "100", "missing_lines": 0, "excluded_lines": 0, "percent_statements_covered": 100.0, "percent_statements_covered_display": "100"}, "missing_lines": [], "excluded_lines": [], "start_line": 188}, "": {"executed_lines": [1, 2, 3, 5, 6, 8, 9, 11, 12, 13, 14, 15, 16, 17, 18, 19, 20, 21, 22, 24, 25, 26, 27, 28, 29, 30, 31, 32, 33, 35, 36, 38, 39, 40, 41, 42, 43, 44, 45, 46, 47, 48, 49, 50, 52, 53, 55, 56, 57, 58, 59, 60, 61, 62, 63, 64, 65, 66, 68, 69, 71, 72, 73, 74, 75, 76, 77, 78, 80, 81, 83, 84, 85, 86, 87, 88, 89, 90, 92, 93, 95, 96, 97, 98, 99, 100, 101, 102, 103, 104, 105, 106, 108, 109, 111, 112, 113, 114, 115, 116, 117, 118, 119, 121, 122, 124, 125, 126, 127, 128, 129, 131, 132, 134, 135, 136, 137, 138, 139, 140, 141, 142, 143, 144, 146, 147, 149, 150, 151, 152, 153, 154, 155, 156, 157, 158, 159, 160, 162, 163, 165, 166, 167, 168, 169, 170, 171, 174, 175, 177, 178, 179, 180, 181, 182, 183, 184, 185, 188, 189, 190, 191, 192, 193, 194, 195, 196, 197, 198, 199, 200], "summary": {"covered_lines": 171, "num_statements": 171, "percent_covered": 100.0, "percent_covered_display": "100", "missing_lines": 0, "excluded_lines": 0, "percent_statements_covered": 100.0, "percent_statements_covered_display": "100"}, "missing_lines": [], "excluded_lines": [], "start_line": 1}}}, "routes.py": {"executed_lines": [1, 2, 3, 4, 5, 6, 7, 8, 9, 10, 11, 13, 15, 16, 17, 19, 20, 22, 23, 25, 32, 33, 34, 36, 38, 39, 41, 42, 44, 46, 48, 60, 61, 62, 67, 70, 71, 73, 74, 75, 78, 80, 81, 83, 86, 87, 88, 89, 91, 92, 93, 95, 100, 101, 103, 104, 105, 107, 108, 109, 111, 112, 113, 115, 116, 117, 119, 121, 134, 136, 137, 138, 139, 140, 141, 142, 144, 145, 146, 147, 148, 150, 151, 152, 153, 154, 155, 157, 161, 162, 164, 165, 166, 168, 172, 183, 184, 190, 191, 192, 193, 195, 196, 197, 198, 199, 202, 203, 206, 207, 210, 216, 217, 218, 220, 221, 222, 223, 224, 225, 227, 228, 229, 230, 233, 235, 240, 241, 242, 245, 246, 247, 248, 249, 251, 252, 253, 254, 256, 257, 258, 260, 261, 262, 263, 266, 267, 268, 269, 270, 271, 272, 274, 285, 286, 287, 288, 289, 292, 298, 299, 300, 302, 310, 318, 325, 332, 333, 335, 336, 337, 338, 339, 340, 341, 342, 349, 350, 351, 352, 353, 354, 356, 363, 364, 365, 367, 368, 369, 370, 373, 374, 375, 376, 378, 381, 382, 383, 385, 386, 387, 388, 390, 391, 392, 395, 396, 397, 398, 399, 401, 402, 406, 407, 408, 410, 411, 413, 416, 417, 418, 419, 420, 421, 422, 423, 429, 430, 431, 432, 433, 436, 442, 443, 444, 446, 447, 448, 449, 452, 453, 454, 455, 457, 460, 461, 462, 464, 465, 466, 467, 469, 470, 471, 473, 474, 475, 476, 477, 478, 479, 480, 485, 486, 487, 488, 489, 492, 496, 497, 498, 500, 501, 502, 503, 504, 505, 506, 507, 508, 509, 510, 511, 513, 514, 515, 516, 517, 518, 519, 520, 525, 526, 527, 528, 529, 532, 537, 538, 539, 541, 542, 543, 544, 546, 547, 548, 550, 551, 552, 553, 554, 555, 556, 557, 564, 565, 566, 567, 568, 571, 578, 579, 580, 582, 583, 584, 585, 588, 589, 590, 591, 592, 594, 595, 597, 598, 599, 600, 601, 604, 605, 606, 611, 612, 613, 614, 616, 617, 618, 620, 621, 623, 624, 625, 626, 627, 629, 631, 632, 633, 634, 636, 640, 641, 642, 644, 645, 646, 648, 649, 650, 653, 654, 655, 656, 657, 659, 660, 661, 669, 739, 740, 741, 742, 743, 745, 746, 747, 748, 750, 751, 752, 753, 755, 756, 757, 758, 762, 763, 764, 767, 768, 770, 782, 783, 784, 785, 786, 787, 789, 790, 792, 793, 794, 795, 797, 798, 799, 800, 802, 803, 804, 805, 806, 807, 808, 810, 811, 812, 813, 814, 815, 816, 818, 819, 820, 821, 823, 824, 825, 827, 828, 829, 831, 832, 833, 834, 835, 836, 837, 839, 840, 841, 843, 844, 845, 846, 847, 848, 849, 851, 852, 853, 855, 856, 857, 858, 859, 861, 873, 875, 876, 877, 878, 879, 882, 883, 885, 887, 898, 899, 900, 901, 903, 904, 906, 909, 910, 916, 917, 918, 919, 920, 923, 928, 929, 930, 932, 933, 934, 935, 938, 939, 940, 941, 942, 943, 945, 946, 947, 948, 950, 951, 952, 954, 955, 956, 957, 962, 963, 964, 972, 973, 974, 975, 976, 977, 978, 979, 980, 982, 983, 984, 985, 986, 991, 992, 993, 994, 995, 998, 1002, 1003, 1004, 1005, 1006, 1008, 1009, 1010, 1011, 1012, 1013, 1014, 1015, 1021, 1022, 1023, 1024, 1025, 1028, 1034, 1035, 1036, 1038, 1039, 1040, 1041, 1044, 1045, 1046, 1047, 1050, 1051, 1052, 1054, 1055, 1056, 1057, 1059, 1060, 1061, 1063, 1064, 1065, 1066, 1067, 1068, 1069, 1070, 1079, 1080, 1081, 1082, 1083, 1086, 1094, 1095, 1096, 1098, 1099, 1100, 1101, 1104, 1105, 1106, 1107, 1110, 1111, 1112, 1114, 1115, 1116, 1117, 1119, 1120, 1121, 1123, 1124, 1125, 1126, 1127, 1128, 1129, 1130, 1131, 1132, 1133, 1140, 1141, 1142, 1143, 1144, 1145, 1147, 1153, 1154, 1155, 1157, 1158, 1159, 1160, 1163, 1164, 1165, 1166, 1167, 1168, 1169, 1170, 1172, 1173, 1174, 1175, 1176, 1177, 1178, 1179, 1181, 1182, 1183, 1184, 1186, 1187, 1188, 1190, 1191, 1205, 1206, 1211, 1212, 1213, 1215, 1216, 1219, 1222, 1223, 1224, 1225, 1226, 1227, 1228, 1229, 1235, 1236, 1237, 1238, 1301, 1302, 1303, 1304, 1305, 1307, 1308, 1309, 1312, 1313, 1314, 1317, 1318, 1319, 1320, 1321, 1322, 1323, 1325, 1327, 1330, 1331, 1336, 1337, 1338, 1339, 1340, 1341, 1343, 1344, 1345, 1347, 1348, 1350, 1352, 1353, 1354, 1355, 1356, 1359, 1365, 1367, 1370, 1372, 1374, 1375, 1376, 1377, 1378, 1380, 1381, 1382, 1388, 1390, 1391, 1394, 1395, 1398, 1399, 1400, 1402, 1403, 1404, 1405, 1406, 1407, 1408, 1409, 1410, 1412, 1413, 1414, 1415, 1417, 1418, 1421, 1422, 1423, 1424, 1425, 1426, 1429, 1430, 1431, 1432, 1433, 1434, 1437, 1438, 1439, 1440, 1442, 1445, 1446, 1447, 1448, 1450, 1453, 1454, 1455, 1456, 1458, 1461, 1462, 1463, 1464, 1466, 1469, 1470, 1471, 1472, 1474, 1477, 1478, 1479, 1480, 1482, 1485, 1486, 1487, 1488, 1490, 1493, 1494, 1495, 1496, 1498, 1501, 1502, 1503, 1504, 1506, 1509, 1510, 1511, 1512, 1515, 1516, 1523, 1524, 1525, 1526, 1527, 1528, 1530, 1532, 1535, 1537, 1543, 1545, 1546, 1547, 1548, 1549, 1550, 1551, 1552, 1553, 1554, 1555, 1557, 1559, 1565, 1566, 1568, 1569, 1574, 1575, 1613, 1614, 1629, 1630, 1652, 1653, 1674, 1675], "summary": {"covered_lines": 863, "num_statements": 1118, "percent_covered": 77.19141323792486, "percent_covered_display": "77", "missing_lines": 255, "excluded_lines": 0, "percent_statements_covered": 77.19141323792486, "percent_statements_covered_display": "77"}, "missing_lines": [21, 26, 27, 29, 30, 35, 40, 43, 45, 63, 64, 65, 66, 76, 79, 156, 158, 159, 163, 167, 169, 170, 173, 174, 175, 176, 177, 178, 179, 180, 181, 200, 204, 208, 231, 236, 237, 238, 243, 255, 264, 290, 303, 308, 311, 316, 319, 323, 326, 330, 371, 377, 379, 389, 403, 404, 434, 450, 456, 458, 468, 490, 530, 545, 569, 586, 593, 602, 635, 637, 638, 651, 671, 672, 673, 674, 676, 677, 678, 680, 681, 683, 684, 686, 687, 694, 695, 703, 704, 705, 706, 707, 708, 709, 710, 711, 712, 713, 715, 716, 717, 718, 719, 721, 729, 737, 765, 830, 842, 854, 862, 863, 864, 865, 866, 867, 868, 869, 870, 871, 880, 905, 907, 921, 936, 949, 996, 1026, 1042, 1048, 1058, 1084, 1102, 1108, 1118, 1161, 1193, 1194, 1195, 1197, 1199, 1200, 1201, 1203, 1207, 1208, 1209, 1214, 1217, 1218, 1240, 1241, 1242, 1244, 1245, 1247, 1248, 1249, 1251, 1252, 1253, 1255, 1256, 1257, 1258, 1260, 1261, 1262, 1264, 1265, 1266, 1267, 1268, 1269, 1271, 1272, 1273, 1275, 1276, 1278, 1280, 1281, 1282, 1284, 1292, 1293, 1295, 1310, 1324, 1326, 1328, 1332, 1333, 1334, 1357, 1392, 1396, 1441, 1449, 1457, 1465, 1473, 1481, 1489, 1497, 1505, 1513, 1529, 1531, 1533, 1570, 1571, 1577, 1578, 1579, 1581, 1582, 1583, 1584, 1586, 1592, 1593, 1595, 1596, 1597, 1598, 1600, 1606, 1607, 1609, 1610, 1616, 1617, 1619, 1620, 1622, 1632, 1633, 1635, 1636, 1637, 1639, 1645, 1647, 1648, 1649, 1655, 1657, 1669, 1671, 1677, 1679, 1691, 1693, 1695], "excluded_lines": [], "functions": {"allowed_file": {"executed_lines": [20, 22, 23], "summary": {"covered_lines": 3, "num_statements": 4, "percent_covered": 75.0, "percent_covered_display": "75", "missing_lines": 1, "excluded_lines": 0, "percent_statements_covered": 75.0, "percent_statements_covered_display": "75"}, "missing_lines": [21], "excluded_lines": [], "start_line": 19}, "secure_filename_with_ext": {"executed_lines": [], "summary": {"covered_lines": 0, "num_statements": 4, "percent_covered": 0.0, "percent_covered_display": "0", "missing_lines": 4, "excluded_lines": 0, "percent_statements_covered": 0.0, "percent_statements_covered_display": "0"}, "missing_lines": [26, 27, 29, 30], "excluded_lines": [], "start_line": 25}, "get_setting_value": {"executed_lines": [33, 34, 36], "summary": {"covered_lines": 3, "num_statements": 4, "percent_covered": 75.0, "percent_covered_display": "75", "missing_lines": 1, "excluded_lines": 0, "percent_statements_covered": 75.0, "percent_statements_covered_display": "75"}, "missing_lines": [35], "excluded_lines": [], "start_line": 32}, "validate_filename": {"executed_lines": [39, 41, 42, 44, 46], "summary": {"covered_lines": 5, "num_statements": 8, "percent_covered": 62.5, "percent_covered_display": "62", "missing_lines": 3, "excluded_lines": 0, "percent_statements_covered": 62.5, "percent_statements_covered_display": "62"}, "missing_lines": [40, 43, 45], "excluded_lines": [], "start_line": 38}, "get_service_intervals": {"executed_lines": [61, 62, 67], "summary": {"covered_lines": 3, "num_statements": 7, "percent_covered": 42.857142857142854, "percent_covered_display": "43", "missing_lines": 4, "excluded_lines": 0, "percent_statements_covered": 42.857142857142854, "percent_statements_covered_display": "43"}, "missing_lines": [63, 64, 65, 66], "excluded_lines": [], "start_line": 60}, "calculate_service_status": {"executed_lines": [71, 73, 74, 75, 78, 80, 81, 83], "summary": {"covered_lines": 8, "num_statements": 10, "percent_covered": 80.0, "percent_covered_display": "80", "missing_lines": 2, "excluded_lines": 0, "percent_statements_covered": 80.0, "percent_statements_covered_display": "80"}, "missing_lines": [76, 79], "excluded_lines": [], "start_line": 70}, "calculate_maintenance_timeline": {"executed_lines": [87, 88, 89, 91, 92, 93, 95, 100, 101, 103, 104, 105, 107, 108, 109, 111, 112, 113, 115, 116, 117, 119, 121, 134], "summary": {"covered_lines": 24, "num_statements": 24, "percent_covered": 100.0, "percent_covered_display": "100", "missing_lines": 0, "excluded_lines": 0, "percent_statements_covered": 100.0, "percent_statements_covered_display": "100"}, "missing_lines": [], "excluded_lines": [], "start_line": 86}, "parse_date": {"executed_lines": [137, 138, 139, 140, 141, 142], "summary": {"covered_lines": 6, "num_statements": 6, "percent_covered": 100.0, "percent_covered_display": "100", "missing_lines": 0, "excluded_lines": 0, "percent_statements_covered": 100.0, "percent_statements_covered_display": "100"}, "missing_lines": [], "excluded_lines": [], "start_line": 136}, "validate_required": {"executed_lines": [145, 146, 147, 148], "summary": {"covered_lines": 4, "num_statements": 4, "percent_covered": 100.0, "percent_covered_display": "100", "missing_lines": 0, "excluded_lines": 0, "percent_statements_covered": 100.0, "percent_statements_covered_display": "100"}, "missing_lines": [], "excluded_lines": [], "start_line": 144}, "validate_positive_integer": {"executed_lines": [151, 152, 153, 154, 155, 157], "summary": {"covered_lines": 6, "num_statements": 9, "percent_covered": 66.66666666666667, "percent_covered_display": "67", "missing_lines": 3, "excluded_lines": 0, "percent_statements_covered": 66.66666666666667, "percent_statements_covered_display": "67"}, "missing_lines": [156, 158, 159], "excluded_lines": [], "start_line": 150}, "validate_year": {"executed_lines": [162, 164, 165, 166, 168], "summary": {"covered_lines": 5, "num_statements": 9, "percent_covered": 55.55555555555556, "percent_covered_display": "56", "missing_lines": 4, "excluded_lines": 0, "percent_statements_covered": 55.55555555555556, "percent_statements_covered_display": "56"}, "missing_lines": [163, 167, 169, 170], "excluded_lines": [], "start_line": 161}, "validate_id": {"executed_lines": [], "summary": {"covered_lines": 0, "num_statements": 9, "percent_covered": 0.0, "percent_covered_display": "0", "missing_lines": 9, "excluded_lines": 0, "percent_statements_covered": 0.0, "percent_statements_covered_display": "0"}, "missing_lines": [173, 174, 175, 176, 177, 178, 179, 180, 181], "excluded_lines": [], "start_line": 172}, "serialize_vehicle": {"executed_lines": [184], "summary": {"covered_lines": 1, "num_statements": 1, "percent_covered": 100.0, "percent_covered_display": "100", "missing_lines": 0, "excluded_lines": 0, "percent_statements_covered": 100.0, "percent_statements_covered_display": "100"}, "missing_lines": [], "excluded_lines": [], "start_line": 183}, "get_vehicles": {"executed_lines": [192, 193], "summary": {"covered_lines": 2, "num_statements": 2, "percent_covered": 100.0, "percent_covered_display": "100", "missing_lines": 0, "excluded_lines": 0, "percent_statements_covered": 100.0, "percent_statements_covered_display": "100"}, "missing_lines": [], "excluded_lines": [], "start_line": 191}, "add_vehicle": {"executed_lines": [197, 198, 199, 202, 203, 206, 207, 210, 216, 217, 218], "summary": {"covered_lines": 11, "num_statements": 14, "percent_covered": 78.57142857142857, "percent_covered_display": "79", "missing_lines": 3, "excluded_lines": 0, "percent_statements_covered": 78.57142857142857, "percent_statements_covered_display": "79"}, "missing_lines": [200, 204, 208], "excluded_lines": [], "start_line": 196}, "get_vehicle": {"executed_lines": [222, 223, 224, 225], "summary": {"covered_lines": 4, "num_statements": 4, "percent_covered": 100.0, "percent_covered_display": "100", "missing_lines": 0, "excluded_lines": 0, "percent_statements_covered": 100.0, "percent_statements_covered_display": "100"}, "missing_lines": [], "excluded_lines": [], "start_line": 221}, "update_vehicle": {"executed_lines": [229, 230, 233, 235, 240, 241, 242, 245, 246, 247, 248, 249], "summary": {"covered_lines": 12, "num_statements": 17, "percent_covered": 70.58823529411765, "percent_covered_display": "71", "missing_lines": 5, "excluded_lines": 0, "percent_statements_covered": 70.58823529411765, "percent_statements_covered_display": "71"}, "missing_lines": [231, 236, 237, 238, 243], "excluded_lines": [], "start_line": 228}, "delete_vehicle": {"executed_lines": [253, 254, 256, 257, 258], "summary": {"covered_lines": 5, "num_statements": 6, "percent_covered": 83.33333333333333, "percent_covered_display": "83", "missing_lines": 1, "excluded_lines": 0, "percent_statements_covered": 83.33333333333333, "percent_statements_covered_display": "83"}, "missing_lines": [255], "excluded_lines": [], "start_line": 252}, "export_vehicle": {"executed_lines": [262, 263, 266, 267, 268, 269, 270, 271, 272, 274], "summary": {"covered_lines": 10, "num_statements": 11, "percent_covered": 90.9090909090909, "percent_covered_display": "91", "missing_lines": 1, "excluded_lines": 0, "percent_statements_covered": 90.9090909090909, "percent_statements_covered_display": "91"}, "missing_lines": [264], "excluded_lines": [], "start_line": 261}, "import_vehicle": {"executed_lines": [287, 288, 289, 292, 298, 299, 300, 302, 310, 318, 325, 332, 333], "summary": {"covered_lines": 13, "num_statements": 22, "percent_covered": 59.09090909090909, "percent_covered_display": "59", "missing_lines": 9, "excluded_lines": 0, "percent_statements_covered": 59.09090909090909, "percent_statements_covered_display": "59"}, "missing_lines": [290, 303, 308, 311, 316, 319, 323, 326, 330], "excluded_lines": [], "start_line": 286}, "get_maintenance": {"executed_lines": [337, 338, 339, 340, 341, 342], "summary": {"covered_lines": 6, "num_statements": 6, "percent_covered": 100.0, "percent_covered_display": "100", "missing_lines": 0, "excluded_lines": 0, "percent_statements_covered": 100.0, "percent_statements_covered_display": "100"}, "missing_lines": [], "excluded_lines": [], "start_line": 336}, "add_maintenance": {"executed_lines": [351, 352, 353, 354, 356, 363, 364, 365], "summary": {"covered_lines": 8, "num_statements": 8, "percent_covered": 100.0, "percent_covered_display": "100", "missing_lines": 0, "excluded_lines": 0, "percent_statements_covered": 100.0, "percent_statements_covered_display": "100"}, "missing_lines": [], "excluded_lines": [], "start_line": 350}, "update_maintenance": {"executed_lines": [369, 370, 373, 374, 375, 376, 378, 381, 382, 383], "summary": {"covered_lines": 10, "num_statements": 13, "percent_covered": 76.92307692307692, "percent_covered_display": "77", "missing_lines": 3, "excluded_lines": 0, "percent_statements_covered": 76.92307692307692, "percent_statements_covered_display": "77"}, "missing_lines": [371, 377, 379], "excluded_lines": [], "start_line": 368}, "delete_maintenance": {"executed_lines": [387, 388, 390, 391, 392], "summary": {"covered_lines": 5, "num_statements": 6, "percent_covered": 83.33333333333333, "percent_covered_display": "83", "missing_lines": 1, "excluded_lines": 0, "percent_statements_covered": 83.33333333333333, "percent_statements_covered_display": "83"}, "missing_lines": [389], "excluded_lines": [], "start_line": 386}, "get_maintenance_timeline": {"executed_lines": [397, 398, 399, 401, 402, 406, 407, 408, 410, 411, 413], "summary": {"covered_lines": 11, "num_statements": 13, "percent_covered": 84.61538461538461, "percent_covered_display": "85", "missing_lines": 2, "excluded_lines": 0, "percent_statements_covered": 84.61538461538461, "percent_statements_covered_display": "85"}, "missing_lines": [403, 404], "excluded_lines": [], "start_line": 396}, "get_mods": {"executed_lines": [418, 419, 420, 421, 422, 423], "summary": {"covered_lines": 6, "num_statements": 6, "percent_covered": 100.0, "percent_covered_display": "100", "missing_lines": 0, "excluded_lines": 0, "percent_statements_covered": 100.0, "percent_statements_covered_display": "100"}, "missing_lines": [], "excluded_lines": [], "start_line": 417}, "add_mod": {"executed_lines": [431, 432, 433, 436, 442, 443, 444], "summary": {"covered_lines": 7, "num_statements": 8, "percent_covered": 87.5, "percent_covered_display": "88", "missing_lines": 1, "excluded_lines": 0, "percent_statements_covered": 87.5, "percent_statements_covered_display": "88"}, "missing_lines": [434], "excluded_lines": [], "start_line": 430}, "update_mod": {"executed_lines": [448, 449, 452, 453, 454, 455, 457, 460, 461, 462], "summary": {"covered_lines": 10, "num_statements": 13, "percent_covered": 76.92307692307692, "percent_covered_display": "77", "missing_lines": 3, "excluded_lines": 0, "percent_statements_covered": 76.92307692307692, "percent_statements_covered_display": "77"}, "missing_lines": [450, 456, 458], "excluded_lines": [], "start_line": 447}, "delete_mod": {"executed_lines": [466, 467, 469, 470, 471], "summary": {"covered_lines": 5, "num_statements": 6, "percent_covered": 83.33333333333333, "percent_covered_display": "83", "missing_lines": 1, "excluded_lines": 0, "percent_statements_covered": 83.33333333333333, "percent_statements_covered_display": "83"}, "missing_lines": [468], "excluded_lines": [], "start_line": 465}, "get_costs": {"executed_lines": [475, 476, 477, 478, 479, 480], "summary": {"covered_lines": 6, "num_statements": 6, "percent_covered": 100.0, "percent_covered_display": "100", "missing_lines": 0, "excluded_lines": 0, "percent_statements_covered": 100.0, "percent_statements_covered_display": "100"}, "missing_lines": [], "excluded_lines": [], "start_line": 474}, "add_cost": {"executed_lines": [487, 488, 489, 492, 496, 497, 498], "summary": {"covered_lines": 7, "num_statements": 8, "percent_covered": 87.5, "percent_covered_display": "88", "missing_lines": 1, "excluded_lines": 0, "percent_statements_covered": 87.5, "percent_statements_covered_display": "88"}, "missing_lines": [490], "excluded_lines": [], "start_line": 486}, "cost_summary": {"executed_lines": [502, 503, 504, 505, 506, 507, 508, 509, 510, 511], "summary": {"covered_lines": 10, "num_statements": 10, "percent_covered": 100.0, "percent_covered_display": "100", "missing_lines": 0, "excluded_lines": 0, "percent_statements_covered": 100.0, "percent_statements_covered_display": "100"}, "missing_lines": [], "excluded_lines": [], "start_line": 501}, "get_notes": {"executed_lines": [515, 516, 517, 518, 519, 520], "summary": {"covered_lines": 6, "num_statements": 6, "percent_covered": 100.0, "percent_covered_display": "100", "missing_lines": 0, "excluded_lines": 0, "percent_statements_covered": 100.0, "percent_statements_covered_display": "100"}, "missing_lines": [], "excluded_lines": [], "start_line": 514}, "add_note": {"executed_lines": [527, 528, 529, 532, 537, 538, 539], "summary": {"covered_lines": 7, "num_statements": 8, "percent_covered": 87.5, "percent_covered_display": "88", "missing_lines": 1, "excluded_lines": 0, "percent_statements_covered": 87.5, "percent_statements_covered_display": "88"}, "missing_lines": [530], "excluded_lines": [], "start_line": 526}, "delete_note": {"executed_lines": [543, 544, 546, 547, 548], "summary": {"covered_lines": 5, "num_statements": 6, "percent_covered": 83.33333333333333, "percent_covered_display": "83", "missing_lines": 1, "excluded_lines": 0, "percent_statements_covered": 83.33333333333333, "percent_statements_covered_display": "83"}, "missing_lines": [545], "excluded_lines": [], "start_line": 542}, "get_vcds_faults": {"executed_lines": [552, 553, 554, 555, 556, 557], "summary": {"covered_lines": 6, "num_statements": 6, "percent_covered": 100.0, "percent_covered_display": "100", "missing_lines": 0, "excluded_lines": 0, "percent_statements_covered": 100.0, "percent_statements_covered_display": "100"}, "missing_lines": [], "excluded_lines": [], "start_line": 551}, "add_vcds_fault": {"executed_lines": [566, 567, 568, 571, 578, 579, 580], "summary": {"covered_lines": 7, "num_statements": 8, "percent_covered": 87.5, "percent_covered_display": "88", "missing_lines": 1, "excluded_lines": 0, "percent_statements_covered": 87.5, "percent_statements_covered_display": "88"}, "missing_lines": [569], "excluded_lines": [], "start_line": 565}, "update_vcds_fault": {"executed_lines": [584, 585, 588, 589, 590, 591, 592, 594, 595], "summary": {"covered_lines": 9, "num_statements": 11, "percent_covered": 81.81818181818181, "percent_covered_display": "82", "missing_lines": 2, "excluded_lines": 0, "percent_statements_covered": 81.81818181818181, "percent_statements_covered_display": "82"}, "missing_lines": [586, 593], "excluded_lines": [], "start_line": 583}, "import_vcds": {"executed_lines": [599, 600, 601, 604, 605, 606, 611, 612, 613, 614], "summary": {"covered_lines": 10, "num_statements": 11, "percent_covered": 90.9090909090909, "percent_covered_display": "91", "missing_lines": 1, "excluded_lines": 0, "percent_statements_covered": 90.9090909090909, "percent_statements_covered_display": "91"}, "missing_lines": [602], "excluded_lines": [], "start_line": 598}, "parse_vcds": {"executed_lines": [618, 620, 621, 623, 624, 625, 626, 627, 629, 631, 632, 633, 634, 636, 640, 641, 642, 644, 645, 646, 648, 649, 650, 653, 654, 655, 656, 657, 659, 660, 661, 669], "summary": {"covered_lines": 32, "num_statements": 70, "percent_covered": 45.714285714285715, "percent_covered_display": "46", "missing_lines": 38, "excluded_lines": 0, "percent_statements_covered": 45.714285714285715, "percent_statements_covered_display": "46"}, "missing_lines": [635, 637, 638, 651, 671, 672, 673, 674, 676, 677, 678, 680, 681, 683, 684, 686, 687, 694, 695, 703, 704, 705, 706, 707, 708, 709, 710, 711, 712, 713, 715, 716, 717, 718, 719, 721, 729, 737], "excluded_lines": [], "start_line": 617}, "dashboard": {"executed_lines": [741, 742, 743, 745, 746, 747, 748, 750, 751, 752, 753, 755, 756, 757, 758, 762, 763, 764, 767, 768, 770], "summary": {"covered_lines": 21, "num_statements": 22, "percent_covered": 95.45454545454545, "percent_covered_display": "95", "missing_lines": 1, "excluded_lines": 0, "percent_statements_covered": 95.45454545454545, "percent_statements_covered_display": "95"}, "missing_lines": [765], "excluded_lines": [], "start_line": 740}, "analytics": {"executed_lines": [784, 785, 786, 787, 789, 790, 792, 793, 794, 795, 797, 798, 799, 800, 802, 803, 804, 805, 806, 807, 808, 810, 811, 812, 813, 814, 815, 816, 818, 819, 820, 821, 823, 824, 825, 827, 828, 829, 831, 832, 833, 834, 835, 836, 837, 839, 840, 841, 843, 844, 845, 846, 847, 848, 849, 851, 852, 853, 855, 856, 857, 858, 859, 861, 873, 875, 876, 877, 878, 879, 882, 883, 885, 887], "summary": {"covered_lines": 74, "num_statements": 88, "percent_covered": 84.0909090909091, "percent_covered_display": "84", "missing_lines": 14, "excluded_lines": 0, "percent_statements_covered": 84.0909090909091, "percent_statements_covered_display": "84"}, "missing_lines": [830, 842, 854, 862, 863, 864, 865, 866, 867, 868, 869, 870, 871, 880], "excluded_lines": [], "start_line": 783}, "get_guides": {"executed_lines": [900, 901, 903, 904, 906, 909, 910], "summary": {"covered_lines": 7, "num_statements": 9, "percent_covered": 77.77777777777777, "percent_covered_display": "78", "missing_lines": 2, "excluded_lines": 0, "percent_statements_covered": 77.77777777777777, "percent_statements_covered_display": "78"}, "missing_lines": [905, 907], "excluded_lines": [], "start_line": 899}, "add_guide": {"executed_lines": [918, 919, 920, 923, 928, 929, 930], "summary": {"covered_lines": 7, "num_statements": 8, "percent_covered": 87.5, "percent_covered_display": "88", "missing_lines": 1, "excluded_lines": 0, "percent_statements_covered": 87.5, "percent_statements_covered_display": "88"}, "missing_lines": [921], "excluded_lines": [], "start_line": 917}, "update_guide": {"executed_lines": [934, 935, 938, 939, 940, 941, 942, 943], "summary": {"covered_lines": 8, "num_statements": 9, "percent_covered": 88.88888888888889, "percent_covered_display": "89", "missing_lines": 1, "excluded_lines": 0, "percent_statements_covered": 88.88888888888889, "percent_statements_covered_display": "89"}, "missing_lines": [936], "excluded_lines": [], "start_line": 933}, "delete_guide": {"executed_lines": [947, 948, 950, 951, 952], "summary": {"covered_lines": 5, "num_statements": 6, "percent_covered": 83.33333333333333, "percent_covered_display": "83", "missing_lines": 1, "excluded_lines": 0, "percent_statements_covered": 83.33333333333333, "percent_statements_covered_display": "83"}, "missing_lines": [949], "excluded_lines": [], "start_line": 946}, "get_guide_templates": {"executed_lines": [956, 957], "summary": {"covered_lines": 2, "num_statements": 2, "percent_covered": 100.0, "percent_covered_display": "100", "missing_lines": 0, "excluded_lines": 0, "percent_statements_covered": 100.0, "percent_statements_covered_display": "100"}, "missing_lines": [], "excluded_lines": [], "start_line": 955}, "create_guide_templates": {"executed_lines": [964, 972, 973, 974, 975, 976, 977, 978, 979, 980], "summary": {"covered_lines": 10, "num_statements": 10, "percent_covered": 100.0, "percent_covered_display": "100", "missing_lines": 0, "excluded_lines": 0, "percent_statements_covered": 100.0, "percent_statements_covered_display": "100"}, "missing_lines": [], "excluded_lines": [], "start_line": 963}, "get_vehicle_photos": {"executed_lines": [984, 985, 986], "summary": {"covered_lines": 3, "num_statements": 3, "percent_covered": 100.0, "percent_covered_display": "100", "missing_lines": 0, "excluded_lines": 0, "percent_statements_covered": 100.0, "percent_statements_covered_display": "100"}, "missing_lines": [], "excluded_lines": [], "start_line": 983}, "add_vehicle_photo": {"executed_lines": [993, 994, 995, 998, 1002, 1003, 1004, 1005, 1006], "summary": {"covered_lines": 9, "num_statements": 10, "percent_covered": 90.0, "percent_covered_display": "90", "missing_lines": 1, "excluded_lines": 0, "percent_statements_covered": 90.0, "percent_statements_covered_display": "90"}, "missing_lines": [996], "excluded_lines": [], "start_line": 992}, "get_fuel_entries": {"executed_lines": [1010, 1011, 1012, 1013, 1014, 1015], "summary": {"covered_lines": 6, "num_statements": 6, "percent_covered": 100.0, "percent_covered_display": "100", "missing_lines": 0, "excluded_lines": 0, "percent_statements_covered": 100.0, "percent_statements_covered_display": "100"}, "missing_lines": [], "excluded_lines": [], "start_line": 1009}, "add_fuel_entry": {"executed_lines": [1023, 1024, 1025, 1028, 1034, 1035, 1036], "summary": {"covered_lines": 7, "num_statements": 8, "percent_covered": 87.5, "percent_covered_display": "88", "missing_lines": 1, "excluded_lines": 0, "percent_statements_covered": 87.5, "percent_statements_covered_display": "88"}, "missing_lines": [1026], "excluded_lines": [], "start_line": 1022}, "update_fuel_entry": {"executed_lines": [1040, 1041, 1044, 1045, 1046, 1047, 1050, 1051, 1052], "summary": {"covered_lines": 9, "num_statements": 11, "percent_covered": 81.81818181818181, "percent_covered_display": "82", "missing_lines": 2, "excluded_lines": 0, "percent_statements_covered": 81.81818181818181, "percent_statements_covered_display": "82"}, "missing_lines": [1042, 1048], "excluded_lines": [], "start_line": 1039}, "delete_fuel_entry": {"executed_lines": [1056, 1057, 1059, 1060, 1061], "summary": {"covered_lines": 5, "num_statements": 6, "percent_covered": 83.33333333333333, "percent_covered_display": "83", "missing_lines": 1, "excluded_lines": 0, "percent_statements_covered": 83.33333333333333, "percent_statements_covered_display": "83"}, "missing_lines": [1058], "excluded_lines": [], "start_line": 1055}, "get_reminders": {"executed_lines": [1065, 1066, 1067, 1068, 1069, 1070], "summary": {"covered_lines": 6, "num_statements": 6, "percent_covered": 100.0, "percent_covered_display": "100", "missing_lines": 0, "excluded_lines": 0, "percent_statements_covered": 100.0, "percent_statements_covered_display": "100"}, "missing_lines": [], "excluded_lines": [], "start_line": 1064}, "add_reminder": {"executed_lines": [1081, 1082, 1083, 1086, 1094, 1095, 1096], "summary": {"covered_lines": 7, "num_statements": 8, "percent_covered": 87.5, "percent_covered_display": "88", "missing_lines": 1, "excluded_lines": 0, "percent_statements_covered": 87.5, "percent_statements_covered_display": "88"}, "missing_lines": [1084], "excluded_lines": [], "start_line": 1080}, "update_reminder": {"executed_lines": [1100, 1101, 1104, 1105, 1106, 1107, 1110, 1111, 1112], "summary": {"covered_lines": 9, "num_statements": 11, "percent_covered": 81.81818181818181, "percent_covered_display": "82", "missing_lines": 2, "excluded_lines": 0, "percent_statements_covered": 81.81818181818181, "percent_statements_covered_display": "82"}, "missing_lines": [1102, 1108], "excluded_lines": [], "start_line": 1099}, "delete_reminder": {"executed_lines": [1116, 1117, 1119, 1120, 1121], "summary": {"covered_lines": 5, "num_statements": 6, "percent_covered": 83.33333333333333, "percent_covered_display": "83", "missing_lines": 1, "excluded_lines": 0, "percent_statements_covered": 83.33333333333333, "percent_statements_covered_display": "83"}, "missing_lines": [1118], "excluded_lines": [], "start_line": 1115}, "get_receipts": {"executed_lines": [1125, 1126, 1127, 1128, 1129, 1130, 1131, 1132, 1133], "summary": {"covered_lines": 9, "num_statements": 9, "percent_covered": 100.0, "percent_covered_display": "100", "missing_lines": 0, "excluded_lines": 0, "percent_statements_covered": 100.0, "percent_statements_covered_display": "100"}, "missing_lines": [], "excluded_lines": [], "start_line": 1124}, "add_receipt": {"executed_lines": [1142, 1143, 1144, 1145, 1147, 1153, 1154, 1155], "summary": {"covered_lines": 8, "num_statements": 8, "percent_covered": 100.0, "percent_covered_display": "100", "missing_lines": 0, "excluded_lines": 0, "percent_statements_covered": 100.0, "percent_statements_covered_display": "100"}, "missing_lines": [], "excluded_lines": [], "start_line": 1141}, "update_receipt": {"executed_lines": [1159, 1160, 1163, 1164, 1165, 1166, 1167, 1168, 1169, 1170], "summary": {"covered_lines": 10, "num_statements": 11, "percent_covered": 90.9090909090909, "percent_covered_display": "91", "missing_lines": 1, "excluded_lines": 0, "percent_statements_covered": 90.9090909090909, "percent_statements_covered_display": "91"}, "missing_lines": [1161], "excluded_lines": [], "start_line": 1158}, "delete_receipt": {"executed_lines": [1174, 1175, 1176, 1177, 1178, 1179], "summary": {"covered_lines": 6, "num_statements": 6, "percent_covered": 100.0, "percent_covered_display": "100", "missing_lines": 0, "excluded_lines": 0, "percent_statements_covered": 100.0, "percent_statements_covered_display": "100"}, "missing_lines": [], "excluded_lines": [], "start_line": 1173}, "upload_file": {"executed_lines": [1183, 1184, 1186, 1187, 1188, 1190, 1191], "summary": {"covered_lines": 7, "num_statements": 15, "percent_covered": 46.666666666666664, "percent_covered_display": "47", "missing_lines": 8, "excluded_lines": 0, "percent_statements_covered": 46.666666666666664, "percent_statements_covered_display": "47"}, "missing_lines": [1193, 1194, 1195, 1197, 1199, 1200, 1201, 1203], "excluded_lines": [], "start_line": 1182}, "serve_upload": {"executed_lines": [], "summary": {"covered_lines": 0, "num_statements": 3, "percent_covered": 0.0, "percent_covered_display": "0", "missing_lines": 3, "excluded_lines": 0, "percent_statements_covered": 0.0, "percent_statements_covered_display": "0"}, "missing_lines": [1207, 1208, 1209], "excluded_lines": [], "start_line": 1206}, "delete_upload": {"executed_lines": [1213, 1215, 1216, 1219], "summary": {"covered_lines": 4, "num_statements": 7, "percent_covered": 57.142857142857146, "percent_covered_display": "57", "missing_lines": 3, "excluded_lines": 0, "percent_statements_covered": 57.142857142857146, "percent_statements_covered_display": "57"}, "missing_lines": [1214, 1217, 1218], "excluded_lines": [], "start_line": 1212}, "get_documents": {"executed_lines": [1224, 1225, 1226, 1227, 1228, 1229], "summary": {"covered_lines": 6, "num_statements": 6, "percent_covered": 100.0, "percent_covered_display": "100", "missing_lines": 0, "excluded_lines": 0, "percent_statements_covered": 100.0, "percent_statements_covered_display": "100"}, "missing_lines": [], "excluded_lines": [], "start_line": 1223}, "upload_document": {"executed_lines": [1237, 1238], "summary": {"covered_lines": 2, "num_statements": 39, "percent_covered": 5.128205128205129, "percent_covered_display": "5", "missing_lines": 37, "excluded_lines": 0, "percent_statements_covered": 5.128205128205129, "percent_statements_covered_display": "5"}, "missing_lines": [1240, 1241, 1242, 1244, 1245, 1247, 1248, 1249, 1251, 1252, 1253, 1255, 1256, 1257, 1258, 1260, 1261, 1262, 1264, 1265, 1266, 1267, 1268, 1269, 1271, 1272, 1273, 1275, 1276, 1278, 1280, 1281, 1282, 1284, 1292, 1293, 1295], "excluded_lines": [], "start_line": 1236}, "delete_document": {"executed_lines": [1303, 1304, 1305, 1307, 1308, 1309, 1312, 1313, 1314], "summary": {"covered_lines": 9, "num_statements": 10, "percent_covered": 90.0, "percent_covered_display": "90", "missing_lines": 1, "excluded_lines": 0, "percent_statements_covered": 90.0, "percent_statements_covered_display": "90"}, "missing_lines": [1310], "excluded_lines": [], "start_line": 1302}, "get_settings": {"executed_lines": [1319, 1320, 1321, 1322, 1323, 1325, 1327, 1330, 1331], "summary": {"covered_lines": 9, "num_statements": 15, "percent_covered": 60.0, "percent_covered_display": "60", "missing_lines": 6, "excluded_lines": 0, "percent_statements_covered": 60.0, "percent_statements_covered_display": "60"}, "missing_lines": [1324, 1326, 1328, 1332, 1333, 1334], "excluded_lines": [], "start_line": 1318}, "update_setting": {"executed_lines": [1338, 1339, 1340, 1341, 1343, 1344, 1345, 1347, 1348, 1350, 1352, 1353, 1354, 1355, 1356, 1359, 1365, 1367, 1370, 1372], "summary": {"covered_lines": 20, "num_statements": 21, "percent_covered": 95.23809523809524, "percent_covered_display": "95", "missing_lines": 1, "excluded_lines": 0, "percent_statements_covered": 95.23809523809524, "percent_statements_covered_display": "95"}, "missing_lines": [1357], "excluded_lines": [], "start_line": 1337}, "update_setting_by_key": {"executed_lines": [1376, 1377, 1378, 1380, 1381, 1382, 1388, 1390, 1391, 1394, 1395, 1398, 1399, 1400], "summary": {"covered_lines": 14, "num_statements": 16, "percent_covered": 87.5, "percent_covered_display": "88", "missing_lines": 2, "excluded_lines": 0, "percent_statements_covered": 87.5, "percent_statements_covered_display": "88"}, "missing_lines": [1392, 1396], "excluded_lines": [], "start_line": 1375}, "delete_setting": {"executed_lines": [1404, 1405, 1406, 1407, 1408, 1409, 1410], "summary": {"covered_lines": 7, "num_statements": 7, "percent_covered": 100.0, "percent_covered_display": "100", "missing_lines": 0, "excluded_lines": 0, "percent_statements_covered": 100.0, "percent_statements_covered_display": "100"}, "missing_lines": [], "excluded_lines": [], "start_line": 1403}, "export_all_data": {"executed_lines": [1414, 1415, 1417, 1418, 1421, 1422, 1423, 1424, 1425, 1426, 1429, 1430, 1431, 1432, 1433, 1434, 1437, 1438, 1439, 1440, 1442, 1445, 1446, 1447, 1448, 1450, 1453, 1454, 1455, 1456, 1458, 1461, 1462, 1463, 1464, 1466, 1469, 1470, 1471, 1472, 1474, 1477, 1478, 1479, 1480, 1482, 1485, 1486, 1487, 1488, 1490, 1493, 1494, 1495, 1496, 1498, 1501, 1502, 1503, 1504, 1506, 1509, 1510, 1511, 1512, 1515, 1516], "summary": {"covered_lines": 67, "num_statements": 77, "percent_covered": 87.01298701298701, "percent_covered_display": "87", "missing_lines": 10, "excluded_lines": 0, "percent_statements_covered": 87.01298701298701, "percent_statements_covered_display": "87"}, "missing_lines": [1441, 1449, 1457, 1465, 1473, 1481, 1489, 1497, 1505, 1513], "excluded_lines": [], "start_line": 1413}, "backup_settings": {"executed_lines": [1525, 1526, 1527, 1528, 1530, 1532, 1535, 1537, 1543], "summary": {"covered_lines": 9, "num_statements": 12, "percent_covered": 75.0, "percent_covered_display": "75", "missing_lines": 3, "excluded_lines": 0, "percent_statements_covered": 75.0, "percent_statements_covered_display": "75"}, "missing_lines": [1529, 1531, 1533], "excluded_lines": [], "start_line": 1524}, "backup_settings_to_file": {"executed_lines": [1546, 1547, 1548, 1549, 1550, 1551, 1552, 1553, 1554, 1555, 1557, 1559, 1565, 1566, 1568, 1569], "summary": {"covered_lines": 16, "num_statements": 18, "percent_covered": 88.88888888888889, "percent_covered_display": "89", "missing_lines": 2, "excluded_lines": 0, "percent_statements_covered": 88.88888888888889, "percent_statements_covered_display": "89"}, "missing_lines": [1570, 1571], "excluded_lines": [], "start_line": 1545}, "update_test_mode": {"executed_lines": [], "summary": {"covered_lines": 0, "num_statements": 19, "percent_covered": 0.0, "percent_covered_display": "0", "missing_lines": 19, "excluded_lines": 0, "percent_statements_covered": 0.0, "percent_statements_covered_display": "0"}, "missing_lines": [1577, 1578, 1579, 1581, 1582, 1583, 1584, 1586, 1592, 1593, 1595, 1596, 1597, 1598, 1600, 1606, 1607, 1609, 1610], "excluded_lines": [], "start_line": 1575}, "get_test_mode": {"executed_lines": [], "summary": {"covered_lines": 0, "num_statements": 5, "percent_covered": 0.0, "percent_covered_display": "0", "missing_lines": 5, "excluded_lines": 0, "percent_statements_covered": 0.0, "percent_statements_covered_display": "0"}, "missing_lines": [1616, 1617, 1619, 1620, 1622], "excluded_lines": [], "start_line": 1614}, "generate_test_key": {"executed_lines": [], "summary": {"covered_lines": 0, "num_statements": 10, "percent_covered": 0.0, "percent_covered_display": "0", "missing_lines": 10, "excluded_lines": 0, "percent_statements_covered": 0.0, "percent_statements_covered_display": "0"}, "missing_lines": [1632, 1633, 1635, 1636, 1637, 1639, 1645, 1647, 1648, 1649], "excluded_lines": [], "start_line": 1630}, "get_test_data_count": {"executed_lines": [], "summary": {"covered_lines": 0, "num_statements": 4, "percent_covered": 0.0, "percent_covered_display": "0", "missing_lines": 4, "excluded_lines": 0, "percent_statements_covered": 0.0, "percent_statements_covered_display": "0"}, "missing_lines": [1655, 1657, 1669, 1671], "excluded_lines": [], "start_line": 1653}, "clear_test_data": {"executed_lines": [], "summary": {"covered_lines": 0, "num_statements": 5, "percent_covered": 0.0, "percent_covered_display": "0", "missing_lines": 5, "excluded_lines": 0, "percent_statements_covered": 0.0, "percent_statements_covered_display": "0"}, "missing_lines": [1677, 1679, 1691, 1693, 1695], "excluded_lines": [], "start_line": 1675}, "": {"executed_lines": [1, 2, 3, 4, 5, 6, 7, 8, 9, 10, 11, 13, 15, 16, 17, 19, 25, 32, 38, 48, 60, 70, 86, 136, 144, 150, 161, 172, 183, 190, 191, 195, 196, 220, 221, 227, 228, 251, 252, 260, 261, 285, 286, 335, 336, 349, 350, 367, 368, 385, 386, 395, 396, 416, 417, 429, 430, 446, 447, 464, 465, 473, 474, 485, 486, 500, 501, 513, 514, 525, 526, 541, 542, 550, 551, 564, 565, 582, 583, 597, 598, 616, 617, 739, 740, 782, 783, 898, 899, 916, 917, 932, 933, 945, 946, 954, 955, 962, 963, 982, 983, 991, 992, 1008, 1009, 1021, 1022, 1038, 1039, 1054, 1055, 1063, 1064, 1079, 1080, 1098, 1099, 1114, 1115, 1123, 1124, 1140, 1141, 1157, 1158, 1172, 1173, 1181, 1182, 1205, 1206, 1211, 1212, 1222, 1223, 1235, 1236, 1301, 1302, 1317, 1318, 1336, 1337, 1374, 1375, 1402, 1403, 1412, 1413, 1523, 1524, 1545, 1574, 1575, 1613, 1614, 1629, 1630, 1652, 1653, 1674, 1675], "summary": {"covered_lines": 162, "num_statements": 162, "percent_covered": 100.0, "percent_covered_display": "100", "missing_lines": 0, "excluded_lines": 0, "percent_statements_covered": 100.0, "percent_statements_covered_display": "100"}, "missing_lines": [], "excluded_lines": [], "start_line": 1}}, "classes": {"": {"executed_lines": [1, 2, 3, 4, 5, 6, 7, 8, 9, 10, 11, 13, 15, 16, 17, 19, 20, 22, 23, 25, 32, 33, 34, 36, 38, 39, 41, 42, 44, 46, 48, 60, 61, 62, 67, 70, 71, 73, 74, 75, 78, 80, 81, 83, 86, 87, 88, 89, 91, 92, 93, 95, 100, 101, 103, 104, 105, 107, 108, 109, 111, 112, 113, 115, 116, 117, 119, 121, 134, 136, 137, 138, 139, 140, 141, 142, 144, 145, 146, 147, 148, 150, 151, 152, 153, 154, 155, 157, 161, 162, 164, 165, 166, 168, 172, 183, 184, 190, 191, 192, 193, 195, 196, 197, 198, 199, 202, 203, 206, 207, 210, 216, 217, 218, 220, 221, 222, 223, 224, 225, 227, 228, 229, 230, 233, 235, 240, 241, 242, 245, 246, 247, 248, 249, 251, 252, 253, 254, 256, 257, 258, 260, 261, 262, 263, 266, 267, 268, 269, 270, 271, 272, 274, 285, 286, 287, 288, 289, 292, 298, 299, 300, 302, 310, 318, 325, 332, 333, 335, 336, 337, 338, 339, 340, 341, 342, 349, 350, 351, 352, 353, 354, 356, 363, 364, 365, 367, 368, 369, 370, 373, 374, 375, 376, 378, 381, 382, 383, 385, 386, 387, 388, 390, 391, 392, 395, 396, 397, 398, 399, 401, 402, 406, 407, 408, 410, 411, 413, 416, 417, 418, 419, 420, 421, 422, 423, 429, 430, 431, 432, 433, 436, 442, 443, 444, 446, 447, 448, 449, 452, 453, 454, 455, 457, 460, 461, 462, 464, 465, 466, 467, 469, 470, 471, 473, 474, 475, 476, 477, 478, 479, 480, 485, 486, 487, 488, 489, 492, 496, 497, 498, 500, 501, 502, 503, 504, 505, 506, 507, 508, 509, 510, 511, 513, 514, 515, 516, 517, 518, 519, 520, 525, 526, 527, 528, 529, 532, 537, 538, 539, 541, 542, 543, 544, 546, 547, 548, 550, 551, 552, 553, 554, 555, 556, 557, 564, 565, 566, 567, 568, 571, 578, 579, 580, 582, 583, 584, 585, 588, 589, 590, 591, 592, 594, 595, 597, 598, 599, 600, 601, 604, 605, 606, 611, 612, 613, 614, 616, 617, 618, 620, 621, 623, 624, 625, 626, 627, 629, 631, 632, 633, 634, 636, 640, 641, 642, 644, 645, 646, 648, 649, 650, 653, 654, 655, 656, 657, 659, 660, 661, 669, 739, 740, 741, 742, 743, 745, 746, 747, 748, 750, 751, 752, 753, 755, 756, 757, 758, 762, 763, 764, 767, 768, 770, 782, 783, 784, 785, 786, 787, 789, 790, 792, 793, 794, 795, 797, 798, 799, 800, 802, 803, 804, 805, 806, 807, 808, 810, 811, 812, 813, 814, 815, 816, 818, 819, 820, 821, 823, 824, 825, 827, 828, 829, 831, 832, 833, 834, 835, 836, 837, 839, 840, 841, 843, 844, 845, 846, 847, 848, 849, 851, 852, 853, 855, 856, 857, 858, 859, 861, 873, 875, 876, 877, 878, 879, 882, 883, 885, 887, 898, 899, 900, 901, 903, 904, 906, 909, 910, 916, 917, 918, 919, 920, 923, 928, 929, 930, 932, 933, 934, 935, 938, 939, 940, 941, 942, 943, 945, 946, 947, 948, 950, 951, 952, 954, 955, 956, 957, 962, 963, 964, 972, 973, 974, 975, 976, 977, 978, 979, 980, 982, 983, 984, 985, 986, 991, 992, 993, 994, 995, 998, 1002, 1003, 1004, 1005, 1006, 1008, 1009, 1010, 1011, 1012, 1013, 1014, 1015, 1021, 1022, 1023, 1024, 1025, 1028, 1034, 1035, 1036, 1038, 1039, 1040, 1041, 1044, 1045, 1046, 1047, 1050, 1051, 1052, 1054, 1055, 1056, 1057, 1059, 1060, 1061, 1063, 1064, 1065, 1066, 1067, 1068, 1069, 1070, 1079, 1080, 1081, 1082, 1083, 1086, 1094, 1095, 1096, 1098, 1099, 1100, 1101, 1104, 1105, 1106, 1107, 1110, 1111, 1112, 1114, 1115, 1116, 1117, 1119, 1120, 1121, 1123, 1124, 1125, 1126, 1127, 1128, 1129, 1130, 1131, 1132, 1133, 1140, 1141, 1142, 1143, 1144, 1145, 1147, 1153, 1154, 1155, 1157, 1158, 1159, 1160, 1163, 1164, 1165, 1166, 1167, 1168, 1169, 1170, 1172, 1173, 1174, 1175, 1176, 1177, 1178, 1179, 1181, 1182, 1183, 1184, 1186, 1187, 1188, 1190, 1191, 1205, 1206, 1211, 1212, 1213, 1215, 1216, 1219, 1222, 1223, 1224, 1225, 1226, 1227, 1228, 1229, 1235, 1236, 1237, 1238, 1301, 1302, 1303, 1304, 1305, 1307, 1308, 1309, 1312, 1313, 1314, 1317, 1318, 1319, 1320, 1321, 1322, 1323, 1325, 1327, 1330, 1331, 1336, 1337, 1338, 1339, 1340, 1341, 1343, 1344, 1345, 1347, 1348, 1350, 1352, 1353, 1354, 1355, 1356, 1359, 1365, 1367, 1370, 1372, 1374, 1375, 1376, 1377, 1378, 1380, 1381, 1382, 1388, 1390, 1391, 1394, 1395, 1398, 1399, 1400, 1402, 1403, 1404, 1405, 1406, 1407, 1408, 1409, 1410, 1412, 1413, 1414, 1415, 1417, 1418, 1421, 1422, 1423, 1424, 1425, 1426, 1429, 1430, 1431, 1432, 1433, 1434, 1437, 1438, 1439, 1440, 1442, 1445, 1446, 1447, 1448, 1450, 1453, 1454, 1455, 1456, 1458, 1461, 1462, 1463, 1464, 1466, 1469, 1470, 1471, 1472, 1474, 1477, 1478, 1479, 1480, 1482, 1485, 1486, 1487, 1488, 1490, 1493, 1494, 1495, 1496, 1498, 1501, 1502, 1503, 1504, 1506, 1509, 1510, 1511, 1512, 1515, 1516, 1523, 1524, 1525, 1526, 1527, 1528, 1530, 1532, 1535, 1537, 1543, 1545, 1546, 1547, 1548, 1549, 1550, 1551, 1552, 1553, 1554, 1555, 1557, 1559, 1565, 1566, 1568, 1569, 1574, 1575, 1613, 1614, 1629, 1630, 1652, 1653, 1674, 1675], "summary": {"covered_lines": 863, "num_statements": 1118, "percent_covered": 77.19141323792486, "percent_covered_display": "77", "missing_lines": 255, "excluded_lines": 0, "percent_statements_covered": 77.19141323792486, "percent_statements_covered_display": "77"}, "missing_lines": [21, 26, 27, 29, 30, 35, 40, 43, 45, 63, 64, 65, 66, 76, 79, 156, 158, 159, 163, 167, 169, 170, 173, 174, 175, 176, 177, 178, 179, 180, 181, 200, 204, 208, 231, 236, 237, 238, 243, 255, 264, 290, 303, 308, 311, 316, 319, 323, 326, 330, 371, 377, 379, 389, 403, 404, 434, 450, 456, 458, 468, 490, 530, 545, 569, 586, 593, 602, 635, 637, 638, 651, 671, 672, 673, 674, 676, 677, 678, 680, 681, 683, 684, 686, 687, 694, 695, 703, 704, 705, 706, 707, 708, 709, 710, 711, 712, 713, 715, 716, 717, 718, 719, 721, 729, 737, 765, 830, 842, 854, 862, 863, 864, 865, 866, 867, 868, 869, 870, 871, 880, 905, 907, 921, 936, 949, 996, 1026, 1042, 1048, 1058, 1084, 1102, 1108, 1118, 1161, 1193, 1194, 1195, 1197, 1199, 1200, 1201, 1203, 1207, 1208, 1209, 1214, 1217, 1218, 1240, 1241, 1242, 1244, 1245, 1247, 1248, 1249, 1251, 1252, 1253, 1255, 1256, 1257, 1258, 1260, 1261, 1262, 1264, 1265, 1266, 1267, 1268, 1269, 1271, 1272, 1273, 1275, 1276, 1278, 1280, 1281, 1282, 1284, 1292, 1293, 1295, 1310, 1324, 1326, 1328, 1332, 1333, 1334, 1357, 1392, 1396, 1441, 1449, 1457, 1465, 1473, 1481, 1489, 1497, 1505, 1513, 1529, 1531, 1533, 1570, 1571, 1577, 1578, 1579, 1581, 1582, 1583, 1584, 1586, 1592, 1593, 1595, 1596, 1597, 1598, 1600, 1606, 1607, 1609, 1610, 1616, 1617, 1619, 1620, 1622, 1632, 1633, 1635, 1636, 1637, 1639, 1645, 1647, 1648, 1649, 1655, 1657, 1669, 1671, 1677, 1679, 1691, 1693, 1695], "excluded_lines": [], "start_line": 1}}}, "test_routes.py": {"executed_lines": [], "summary": {"covered_lines": 0, "num_statements": 376, "percent_covered": 0.0, "percent_covered_display": "0", "missing_lines": 376, "excluded_lines": 0, "percent_statements_covered": 0.0, "percent_statements_covered_display": "0"}, "missing_lines": [1, 2, 3, 5, 7, 8, 9, 11, 12, 13, 14, 15, 16, 18, 20, 21, 23, 33, 34, 36, 37, 39, 41, 42, 43, 44, 45, 47, 48, 49, 50, 51, 52, 53, 55, 56, 57, 58, 59, 61, 62, 63, 65, 66, 72, 73, 74, 76, 77, 78, 80, 81, 82, 83, 84, 86, 87, 91, 93, 94, 95, 96, 98, 99, 100, 102, 103, 104, 106, 107, 108, 114, 120, 126, 127, 129, 130, 132, 133, 134, 135, 137, 138, 139, 140, 146, 147, 149, 150, 151, 152, 153, 155, 156, 162, 163, 164, 166, 167, 168, 170, 171, 172, 178, 179, 180, 182, 186, 188, 189, 190, 191, 193, 194, 195, 200, 201, 202, 204, 205, 207, 208, 210, 211, 212, 213, 220, 221, 223, 224, 225, 226, 227, 229, 230, 236, 238, 239, 240, 241, 242, 243, 245, 246, 248, 249, 250, 252, 253, 254, 255, 256, 257, 259, 260, 262, 263, 264, 265, 266, 267, 269, 270, 271, 272, 274, 275, 280, 282, 283, 284, 289, 291, 292, 293, 294, 295, 297, 298, 299, 300, 301, 302, 304, 305, 306, 307, 309, 310, 315, 317, 318, 319, 320, 321, 322, 324, 325, 327, 328, 329, 330, 336, 337, 339, 340, 342, 343, 349, 351, 352, 353, 354, 355, 356, 358, 359, 361, 362, 365, 366, 367, 369, 370, 371, 372, 373, 374, 376, 377, 379, 380, 385, 387, 388, 389, 390, 391, 392, 394, 395, 397, 398, 399, 400, 401, 402, 404, 405, 407, 408, 409, 411, 412, 413, 415, 416, 417, 418, 420, 421, 422, 427, 429, 430, 431, 432, 433, 434, 435, 437, 438, 439, 440, 442, 443, 444, 449, 451, 452, 453, 454, 455, 457, 458, 459, 463, 465, 468, 469, 470, 472, 473, 474, 475, 476, 477, 479, 480, 481, 482, 484, 485, 492, 494, 495, 496, 497, 498, 499, 501, 502, 504, 505, 506, 507, 508, 509, 511, 512, 514, 515, 516, 517, 518, 519, 521, 522, 524, 525, 531, 533, 534, 535, 536, 537, 538, 540, 543, 545, 546, 547, 548, 549, 550, 552, 553, 555, 556, 557, 558, 559, 560, 562, 563, 565, 566, 571, 573, 574, 575, 576, 577, 579, 584, 586, 587, 588, 589, 591, 592, 593, 597, 599, 600, 604], "excluded_lines": [], "functions": {"client": {"executed_lines": [], "summary": {"covered_lines": 0, "num_statements": 13, "percent_covered": 0.0, "percent_covered_display": "0", "missing_lines": 13, "excluded_lines": 0, "percent_statements_covered": 0.0, "percent_statements_covered_display": "0"}, "missing_lines": [13, 14, 15, 16, 18, 20, 21, 23, 33, 34, 36, 37, 39], "excluded_lines": [], "start_line": 12}, "test_vehicle_id": {"executed_lines": [], "summary": {"covered_lines": 0, "num_statements": 3, "percent_covered": 0.0, "percent_covered_display": "0", "missing_lines": 3, "excluded_lines": 0, "percent_statements_covered": 0.0, "percent_statements_covered_display": "0"}, "missing_lines": [43, 44, 45], "excluded_lines": [], "start_line": 42}, "TestVehicles.test_get_vehicles": {"executed_lines": [], "summary": {"covered_lines": 0, "num_statements": 5, "percent_covered": 0.0, "percent_covered_display": "0", "missing_lines": 5, "excluded_lines": 0, "percent_statements_covered": 0.0, "percent_statements_covered_display": "0"}, "missing_lines": [49, 50, 51, 52, 53], "excluded_lines": [], "start_line": 48}, "TestVehicles.test_get_vehicle": {"executed_lines": [], "summary": {"covered_lines": 0, "num_statements": 4, "percent_covered": 0.0, "percent_covered_display": "0", "missing_lines": 4, "excluded_lines": 0, "percent_statements_covered": 0.0, "percent_statements_covered_display": "0"}, "missing_lines": [56, 57, 58, 59], "excluded_lines": [], "start_line": 55}, "TestVehicles.test_get_vehicle_not_found": {"executed_lines": [], "summary": {"covered_lines": 0, "num_statements": 2, "percent_covered": 0.0, "percent_covered_display": "0", "missing_lines": 2, "excluded_lines": 0, "percent_statements_covered": 0.0, "percent_statements_covered_display": "0"}, "missing_lines": [62, 63], "excluded_lines": [], "start_line": 61}, "TestVehicles.test_create_vehicle": {"executed_lines": [], "summary": {"covered_lines": 0, "num_statements": 7, "percent_covered": 0.0, "percent_covered_display": "0", "missing_lines": 7, "excluded_lines": 0, "percent_statements_covered": 0.0, "percent_statements_covered_display": "0"}, "missing_lines": [66, 72, 73, 74, 76, 77, 78], "excluded_lines": [], "start_line": 65}, "TestVehicles.test_create_vehicle_missing_name": {"executed_lines": [], "summary": {"covered_lines": 0, "num_statements": 4, "percent_covered": 0.0, "percent_covered_display": "0", "missing_lines": 4, "excluded_lines": 0, "percent_statements_covered": 0.0, "percent_statements_covered_display": "0"}, "missing_lines": [81, 82, 83, 84], "excluded_lines": [], "start_line": 80}, "TestVehicles.test_update_vehicle": {"executed_lines": [], "summary": {"covered_lines": 0, "num_statements": 6, "percent_covered": 0.0, "percent_covered_display": "0", "missing_lines": 6, "excluded_lines": 0, "percent_statements_covered": 0.0, "percent_statements_covered_display": "0"}, "missing_lines": [87, 91, 93, 94, 95, 96], "excluded_lines": [], "start_line": 86}, "TestVehicles.test_delete_vehicle": {"executed_lines": [], "summary": {"covered_lines": 0, "num_statements": 5, "percent_covered": 0.0, "percent_covered_display": "0", "missing_lines": 5, "excluded_lines": 0, "percent_statements_covered": 0.0, "percent_statements_covered_display": "0"}, "missing_lines": [99, 100, 102, 103, 104], "excluded_lines": [], "start_line": 98}, "TestVehicles.test_cascade_delete": {"executed_lines": [], "summary": {"covered_lines": 0, "num_statements": 12, "percent_covered": 0.0, "percent_covered_display": "0", "missing_lines": 12, "excluded_lines": 0, "percent_statements_covered": 0.0, "percent_statements_covered_display": "0"}, "missing_lines": [107, 108, 114, 120, 126, 127, 129, 130, 132, 133, 134, 135], "excluded_lines": [], "start_line": 106}, "TestMaintenance.test_get_maintenance": {"executed_lines": [], "summary": {"covered_lines": 0, "num_statements": 9, "percent_covered": 0.0, "percent_covered_display": "0", "missing_lines": 9, "excluded_lines": 0, "percent_statements_covered": 0.0, "percent_statements_covered_display": "0"}, "missing_lines": [139, 140, 146, 147, 149, 150, 151, 152, 153], "excluded_lines": [], "start_line": 138}, "TestMaintenance.test_create_maintenance": {"executed_lines": [], "summary": {"covered_lines": 0, "num_statements": 4, "percent_covered": 0.0, "percent_covered_display": "0", "missing_lines": 4, "excluded_lines": 0, "percent_statements_covered": 0.0, "percent_statements_covered_display": "0"}, "missing_lines": [156, 162, 163, 164], "excluded_lines": [], "start_line": 155}, "TestMaintenance.test_create_maintenance_missing_required": {"executed_lines": [], "summary": {"covered_lines": 0, "num_statements": 2, "percent_covered": 0.0, "percent_covered_display": "0", "missing_lines": 2, "excluded_lines": 0, "percent_statements_covered": 0.0, "percent_statements_covered_display": "0"}, "missing_lines": [167, 168], "excluded_lines": [], "start_line": 166}, "TestMaintenance.test_update_maintenance": {"executed_lines": [], "summary": {"covered_lines": 0, "num_statements": 11, "percent_covered": 0.0, "percent_covered_display": "0", "missing_lines": 11, "excluded_lines": 0, "percent_statements_covered": 0.0, "percent_statements_covered_display": "0"}, "missing_lines": [171, 172, 178, 179, 180, 182, 186, 188, 189, 190, 191], "excluded_lines": [], "start_line": 170}, "TestMaintenance.test_delete_maintenance": {"executed_lines": [], "summary": {"covered_lines": 0, "num_statements": 9, "percent_covered": 0.0, "percent_covered_display": "0", "missing_lines": 9, "excluded_lines": 0, "percent_statements_covered": 0.0, "percent_statements_covered_display": "0"}, "missing_lines": [194, 195, 200, 201, 202, 204, 205, 207, 208], "excluded_lines": [], "start_line": 193}, "TestMods.test_get_mods": {"executed_lines": [], "summary": {"covered_lines": 0, "num_statements": 9, "percent_covered": 0.0, "percent_covered_display": "0", "missing_lines": 9, "excluded_lines": 0, "percent_statements_covered": 0.0, "percent_statements_covered_display": "0"}, "missing_lines": [212, 213, 220, 221, 223, 224, 225, 226, 227], "excluded_lines": [], "start_line": 211}, "TestMods.test_create_mod": {"executed_lines": [], "summary": {"covered_lines": 0, "num_statements": 2, "percent_covered": 0.0, "percent_covered_display": "0", "missing_lines": 2, "excluded_lines": 0, "percent_statements_covered": 0.0, "percent_statements_covered_display": "0"}, "missing_lines": [230, 236], "excluded_lines": [], "start_line": 229}, "TestMods.test_update_mod": {"executed_lines": [], "summary": {"covered_lines": 0, "num_statements": 10, "percent_covered": 0.0, "percent_covered_display": "0", "missing_lines": 10, "excluded_lines": 0, "percent_statements_covered": 0.0, "percent_statements_covered_display": "0"}, "missing_lines": [239, 240, 241, 242, 243, 245, 246, 248, 249, 250], "excluded_lines": [], "start_line": 238}, "TestMods.test_delete_mod": {"executed_lines": [], "summary": {"covered_lines": 0, "num_statements": 7, "percent_covered": 0.0, "percent_covered_display": "0", "missing_lines": 7, "excluded_lines": 0, "percent_statements_covered": 0.0, "percent_statements_covered_display": "0"}, "missing_lines": [253, 254, 255, 256, 257, 259, 260], "excluded_lines": [], "start_line": 252}, "TestCosts.test_get_costs": {"executed_lines": [], "summary": {"covered_lines": 0, "num_statements": 8, "percent_covered": 0.0, "percent_covered_display": "0", "missing_lines": 8, "excluded_lines": 0, "percent_statements_covered": 0.0, "percent_statements_covered_display": "0"}, "missing_lines": [264, 265, 266, 267, 269, 270, 271, 272], "excluded_lines": [], "start_line": 263}, "TestCosts.test_create_cost": {"executed_lines": [], "summary": {"covered_lines": 0, "num_statements": 2, "percent_covered": 0.0, "percent_covered_display": "0", "missing_lines": 2, "excluded_lines": 0, "percent_statements_covered": 0.0, "percent_statements_covered_display": "0"}, "missing_lines": [275, 280], "excluded_lines": [], "start_line": 274}, "TestCosts.test_cost_summary": {"executed_lines": [], "summary": {"covered_lines": 0, "num_statements": 8, "percent_covered": 0.0, "percent_covered_display": "0", "missing_lines": 8, "excluded_lines": 0, "percent_statements_covered": 0.0, "percent_statements_covered_display": "0"}, "missing_lines": [283, 284, 289, 291, 292, 293, 294, 295], "excluded_lines": [], "start_line": 282}, "TestNotes.test_get_notes": {"executed_lines": [], "summary": {"covered_lines": 0, "num_statements": 8, "percent_covered": 0.0, "percent_covered_display": "0", "missing_lines": 8, "excluded_lines": 0, "percent_statements_covered": 0.0, "percent_statements_covered_display": "0"}, "missing_lines": [299, 300, 301, 302, 304, 305, 306, 307], "excluded_lines": [], "start_line": 298}, "TestNotes.test_create_note": {"executed_lines": [], "summary": {"covered_lines": 0, "num_statements": 2, "percent_covered": 0.0, "percent_covered_display": "0", "missing_lines": 2, "excluded_lines": 0, "percent_statements_covered": 0.0, "percent_statements_covered_display": "0"}, "missing_lines": [310, 315], "excluded_lines": [], "start_line": 309}, "TestNotes.test_delete_note": {"executed_lines": [], "summary": {"covered_lines": 0, "num_statements": 7, "percent_covered": 0.0, "percent_covered_display": "0", "missing_lines": 7, "excluded_lines": 0, "percent_statements_covered": 0.0, "percent_statements_covered_display": "0"}, "missing_lines": [318, 319, 320, 321, 322, 324, 325], "excluded_lines": [], "start_line": 317}, "TestVCDS.test_get_vcds_faults": {"executed_lines": [], "summary": {"covered_lines": 0, "num_statements": 6, "percent_covered": 0.0, "percent_covered_display": "0", "missing_lines": 6, "excluded_lines": 0, "percent_statements_covered": 0.0, "percent_statements_covered_display": "0"}, "missing_lines": [329, 330, 336, 337, 339, 340], "excluded_lines": [], "start_line": 328}, "TestVCDS.test_create_vcds_fault": {"executed_lines": [], "summary": {"covered_lines": 0, "num_statements": 2, "percent_covered": 0.0, "percent_covered_display": "0", "missing_lines": 2, "excluded_lines": 0, "percent_statements_covered": 0.0, "percent_statements_covered_display": "0"}, "missing_lines": [343, 349], "excluded_lines": [], "start_line": 342}, "TestVCDS.test_update_vcds_fault": {"executed_lines": [], "summary": {"covered_lines": 0, "num_statements": 7, "percent_covered": 0.0, "percent_covered_display": "0", "missing_lines": 7, "excluded_lines": 0, "percent_statements_covered": 0.0, "percent_statements_covered_display": "0"}, "missing_lines": [352, 353, 354, 355, 356, 358, 359], "excluded_lines": [], "start_line": 351}, "TestVCDS.test_parse_vcds": {"executed_lines": [], "summary": {"covered_lines": 0, "num_statements": 4, "percent_covered": 0.0, "percent_covered_display": "0", "missing_lines": 4, "excluded_lines": 0, "percent_statements_covered": 0.0, "percent_statements_covered_display": "0"}, "missing_lines": [362, 365, 366, 367], "excluded_lines": [], "start_line": 361}, "TestGuides.test_get_guides": {"executed_lines": [], "summary": {"covered_lines": 0, "num_statements": 6, "percent_covered": 0.0, "percent_covered_display": "0", "missing_lines": 6, "excluded_lines": 0, "percent_statements_covered": 0.0, "percent_statements_covered_display": "0"}, "missing_lines": [371, 372, 373, 374, 376, 377], "excluded_lines": [], "start_line": 370}, "TestGuides.test_create_guide": {"executed_lines": [], "summary": {"covered_lines": 0, "num_statements": 2, "percent_covered": 0.0, "percent_covered_display": "0", "missing_lines": 2, "excluded_lines": 0, "percent_statements_covered": 0.0, "percent_statements_covered_display": "0"}, "missing_lines": [380, 385], "excluded_lines": [], "start_line": 379}, "TestGuides.test_update_guide": {"executed_lines": [], "summary": {"covered_lines": 0, "num_statements": 7, "percent_covered": 0.0, "percent_covered_display": "0", "missing_lines": 7, "excluded_lines": 0, "percent_statements_covered": 0.0, "percent_statements_covered_display": "0"}, "missing_lines": [388, 389, 390, 391, 392, 394, 395], "excluded_lines": [], "start_line": 387}, "TestGuides.test_delete_guide": {"executed_lines": [], "summary": {"covered_lines": 0, "num_statements": 7, "percent_covered": 0.0, "percent_covered_display": "0", "missing_lines": 7, "excluded_lines": 0, "percent_statements_covered": 0.0, "percent_statements_covered_display": "0"}, "missing_lines": [398, 399, 400, 401, 402, 404, 405], "excluded_lines": [], "start_line": 397}, "TestGuides.test_get_templates": {"executed_lines": [], "summary": {"covered_lines": 0, "num_statements": 2, "percent_covered": 0.0, "percent_covered_display": "0", "missing_lines": 2, "excluded_lines": 0, "percent_statements_covered": 0.0, "percent_statements_covered_display": "0"}, "missing_lines": [408, 409], "excluded_lines": [], "start_line": 407}, "TestGuides.test_create_templates": {"executed_lines": [], "summary": {"covered_lines": 0, "num_statements": 2, "percent_covered": 0.0, "percent_covered_display": "0", "missing_lines": 2, "excluded_lines": 0, "percent_statements_covered": 0.0, "percent_statements_covered_display": "0"}, "missing_lines": [412, 413], "excluded_lines": [], "start_line": 411}, "TestDashboard.test_dashboard_requires_vehicle_id": {"executed_lines": [], "summary": {"covered_lines": 0, "num_statements": 2, "percent_covered": 0.0, "percent_covered_display": "0", "missing_lines": 2, "excluded_lines": 0, "percent_statements_covered": 0.0, "percent_statements_covered_display": "0"}, "missing_lines": [417, 418], "excluded_lines": [], "start_line": 416}, "TestDashboard.test_dashboard": {"executed_lines": [], "summary": {"covered_lines": 0, "num_statements": 10, "percent_covered": 0.0, "percent_covered_display": "0", "missing_lines": 10, "excluded_lines": 0, "percent_statements_covered": 0.0, "percent_statements_covered_display": "0"}, "missing_lines": [421, 422, 427, 429, 430, 431, 432, 433, 434, 435], "excluded_lines": [], "start_line": 420}, "TestAnalytics.test_analytics_requires_vehicle_id": {"executed_lines": [], "summary": {"covered_lines": 0, "num_statements": 2, "percent_covered": 0.0, "percent_covered_display": "0", "missing_lines": 2, "excluded_lines": 0, "percent_statements_covered": 0.0, "percent_statements_covered_display": "0"}, "missing_lines": [439, 440], "excluded_lines": [], "start_line": 438}, "TestAnalytics.test_analytics": {"executed_lines": [], "summary": {"covered_lines": 0, "num_statements": 8, "percent_covered": 0.0, "percent_covered_display": "0", "missing_lines": 8, "excluded_lines": 0, "percent_statements_covered": 0.0, "percent_statements_covered_display": "0"}, "missing_lines": [443, 444, 449, 451, 452, 453, 454, 455], "excluded_lines": [], "start_line": 442}, "TestAnalytics.test_analytics_with_date_filter": {"executed_lines": [], "summary": {"covered_lines": 0, "num_statements": 7, "percent_covered": 0.0, "percent_covered_display": "0", "missing_lines": 7, "excluded_lines": 0, "percent_statements_covered": 0.0, "percent_statements_covered_display": "0"}, "missing_lines": [458, 459, 463, 465, 468, 469, 470], "excluded_lines": [], "start_line": 457}, "TestFuelEntries.test_get_fuel_entries": {"executed_lines": [], "summary": {"covered_lines": 0, "num_statements": 8, "percent_covered": 0.0, "percent_covered_display": "0", "missing_lines": 8, "excluded_lines": 0, "percent_statements_covered": 0.0, "percent_statements_covered_display": "0"}, "missing_lines": [474, 475, 476, 477, 479, 480, 481, 482], "excluded_lines": [], "start_line": 473}, "TestFuelEntries.test_create_fuel_entry": {"executed_lines": [], "summary": {"covered_lines": 0, "num_statements": 2, "percent_covered": 0.0, "percent_covered_display": "0", "missing_lines": 2, "excluded_lines": 0, "percent_statements_covered": 0.0, "percent_statements_covered_display": "0"}, "missing_lines": [485, 492], "excluded_lines": [], "start_line": 484}, "TestFuelEntries.test_update_fuel_entry": {"executed_lines": [], "summary": {"covered_lines": 0, "num_statements": 7, "percent_covered": 0.0, "percent_covered_display": "0", "missing_lines": 7, "excluded_lines": 0, "percent_statements_covered": 0.0, "percent_statements_covered_display": "0"}, "missing_lines": [495, 496, 497, 498, 499, 501, 502], "excluded_lines": [], "start_line": 494}, "TestFuelEntries.test_delete_fuel_entry": {"executed_lines": [], "summary": {"covered_lines": 0, "num_statements": 7, "percent_covered": 0.0, "percent_covered_display": "0", "missing_lines": 7, "excluded_lines": 0, "percent_statements_covered": 0.0, "percent_statements_covered_display": "0"}, "missing_lines": [505, 506, 507, 508, 509, 511, 512], "excluded_lines": [], "start_line": 504}, "TestReminders.test_get_reminders": {"executed_lines": [], "summary": {"covered_lines": 0, "num_statements": 6, "percent_covered": 0.0, "percent_covered_display": "0", "missing_lines": 6, "excluded_lines": 0, "percent_statements_covered": 0.0, "percent_statements_covered_display": "0"}, "missing_lines": [516, 517, 518, 519, 521, 522], "excluded_lines": [], "start_line": 515}, "TestReminders.test_create_reminder": {"executed_lines": [], "summary": {"covered_lines": 0, "num_statements": 2, "percent_covered": 0.0, "percent_covered_display": "0", "missing_lines": 2, "excluded_lines": 0, "percent_statements_covered": 0.0, "percent_statements_covered_display": "0"}, "missing_lines": [525, 531], "excluded_lines": [], "start_line": 524}, "TestReminders.test_update_reminder": {"executed_lines": [], "summary": {"covered_lines": 0, "num_statements": 7, "percent_covered": 0.0, "percent_covered_display": "0", "missing_lines": 7, "excluded_lines": 0, "percent_statements_covered": 0.0, "percent_statements_covered_display": "0"}, "missing_lines": [534, 535, 536, 537, 538, 540, 543], "excluded_lines": [], "start_line": 533}, "TestReminders.test_delete_reminder": {"executed_lines": [], "summary": {"covered_lines": 0, "num_statements": 7, "percent_covered": 0.0, "percent_covered_display": "0", "missing_lines": 7, "excluded_lines": 0, "percent_statements_covered": 0.0, "percent_statements_covered_display": "0"}, "missing_lines": [546, 547, 548, 549, 550, 552, 553], "excluded_lines": [], "start_line": 545}, "TestVehiclePhotos.test_get_photos": {"executed_lines": [], "summary": {"covered_lines": 0, "num_statements": 6, "percent_covered": 0.0, "percent_covered_display": "0", "missing_lines": 6, "excluded_lines": 0, "percent_statements_covered": 0.0, "percent_statements_covered_display": "0"}, "missing_lines": [557, 558, 559, 560, 562, 563], "excluded_lines": [], "start_line": 556}, "TestVehiclePhotos.test_create_photo": {"executed_lines": [], "summary": {"covered_lines": 0, "num_statements": 2, "percent_covered": 0.0, "percent_covered_display": "0", "missing_lines": 2, "excluded_lines": 0, "percent_statements_covered": 0.0, "percent_statements_covered_display": "0"}, "missing_lines": [566, 571], "excluded_lines": [], "start_line": 565}, "TestVehiclePhotos.test_primary_photo_flag": {"executed_lines": [], "summary": {"covered_lines": 0, "num_statements": 10, "percent_covered": 0.0, "percent_covered_display": "0", "missing_lines": 10, "excluded_lines": 0, "percent_statements_covered": 0.0, "percent_statements_covered_display": "0"}, "missing_lines": [574, 575, 576, 577, 579, 584, 586, 587, 588, 589], "excluded_lines": [], "start_line": 573}, "TestValidation.test_invalid_vehicle_id_on_create": {"executed_lines": [], "summary": {"covered_lines": 0, "num_statements": 2, "percent_covered": 0.0, "percent_covered_display": "0", "missing_lines": 2, "excluded_lines": 0, "percent_statements_covered": 0
[...]
8, 332, 338, 344, 350, 351, 352, 353, 354, 355, 356], "summary": {"covered_lines": 12, "num_statements": 12, "percent_covered": 100.0, "percent_covered_display": "100", "missing_lines": 0, "excluded_lines": 0, "percent_statements_covered": 100.0, "percent_statements_covered_display": "100"}, "missing_lines": [], "excluded_lines": [], "start_line": 322}, "TestAnalytics": {"executed_lines": [364, 365, 369, 375, 382, 383, 384, 385, 386, 390, 395, 401, 404, 405, 406], "summary": {"covered_lines": 15, "num_statements": 15, "percent_covered": 100.0, "percent_covered_display": "100", "missing_lines": 0, "excluded_lines": 0, "percent_statements_covered": 100.0, "percent_statements_covered_display": "100"}, "missing_lines": [], "excluded_lines": [], "start_line": 359}, "TestFuelEntries": {"executed_lines": [414, 415, 416, 417, 421, 428, 432, 433, 437, 438], "summary": {"covered_lines": 10, "num_statements": 10, "percent_covered": 100.0, "percent_covered_display": "100", "missing_lines": 0, "excluded_lines": 0, "percent_statements_covered": 100.0, "percent_statements_covered_display": "100"}, "missing_lines": [], "excluded_lines": [], "start_line": 409}, "TestReminders": {"executed_lines": [446, 447, 451, 457, 461, 464, 468, 469], "summary": {"covered_lines": 8, "num_statements": 8, "percent_covered": 100.0, "percent_covered_display": "100", "missing_lines": 0, "excluded_lines": 0, "percent_statements_covered": 100.0, "percent_statements_covered_display": "100"}, "missing_lines": [], "excluded_lines": [], "start_line": 441}, "TestVehiclePhotos": {"executed_lines": [477, 478, 482, 487, 491, 497, 502], "summary": {"covered_lines": 7, "num_statements": 7, "percent_covered": 100.0, "percent_covered_display": "100", "missing_lines": 0, "excluded_lines": 0, "percent_statements_covered": 100.0, "percent_statements_covered_display": "100"}, "missing_lines": [], "excluded_lines": [], "start_line": 472}, "TestValidation": {"executed_lines": [510, 514, 518, 519, 520], "summary": {"covered_lines": 5, "num_statements": 5, "percent_covered": 100.0, "percent_covered_display": "100", "missing_lines": 0, "excluded_lines": 0, "percent_statements_covered": 100.0, "percent_statements_covered_display": "100"}, "missing_lines": [], "excluded_lines": [], "start_line": 505}, "": {"executed_lines": [1, 2, 3, 5, 7, 15, 18, 25, 32, 37, 49, 55, 68, 76, 109, 112, 120, 132, 137, 145, 151, 154, 161, 171, 176, 182, 185, 192, 201, 226, 229, 236, 245, 251, 254, 259, 269, 274, 284, 287, 292, 301, 306, 311, 316, 322, 325, 330, 359, 362, 367, 388, 409, 412, 419, 430, 435, 441, 444, 449, 459, 466, 472, 475, 480, 489, 505, 508, 516], "summary": {"covered_lines": 69, "num_statements": 69, "percent_covered": 100.0, "percent_covered_display": "100", "missing_lines": 0, "excluded_lines": 0, "percent_statements_covered": 100.0, "percent_statements_covered_display": "100"}, "missing_lines": [], "excluded_lines": [], "start_line": 1}}}, "tests/test_settings.py": {"executed_lines": [6, 7, 8, 9, 11, 13, 19, 22, 24, 26, 27, 28, 29, 31, 32, 33, 34, 36, 38, 39, 41, 43, 49, 51, 53, 55, 56, 57, 58, 60, 64, 66, 68, 71, 73, 75, 80, 82, 84, 89, 91, 93, 98, 100, 102, 104, 105, 106, 107, 109, 112, 114, 116, 120, 122, 124, 126, 127, 128, 129, 131, 132, 134, 136, 137, 140, 143, 145, 147, 148, 149, 150, 152, 153, 154, 156, 157, 158, 159, 160, 161, 163, 165, 167, 168, 169, 170, 172, 173, 174, 175, 176, 179, 182, 184, 189, 191, 193, 198, 200, 202, 207], "summary": {"covered_lines": 102, "num_statements": 102, "percent_covered": 100.0, "percent_covered_display": "100", "missing_lines": 0, "excluded_lines": 0, "percent_statements_covered": 100.0, "percent_statements_covered_display": "100"}, "missing_lines": [], "excluded_lines": [], "functions": {"TestSettings.test_get_settings": {"executed_lines": [24, 26, 27, 28, 29, 31, 32, 33, 34], "summary": {"covered_lines": 9, "num_statements": 9, "percent_covered": 100.0, "percent_covered_display": "100", "missing_lines": 0, "excluded_lines": 0, "percent_statements_covered": 100.0, "percent_statements_covered_display": "100"}, "missing_lines": [], "excluded_lines": [], "start_line": 22}, "TestSettings.test_get_settings_empty": {"executed_lines": [38, 39], "summary": {"covered_lines": 2, "num_statements": 2, "percent_covered": 100.0, "percent_covered_display": "100", "missing_lines": 0, "excluded_lines": 0, "percent_statements_covered": 100.0, "percent_statements_covered_display": "100"}, "missing_lines": [], "excluded_lines": [], "start_line": 36}, "TestSettings.test_create_setting": {"executed_lines": [43, 49], "summary": {"covered_lines": 2, "num_statements": 2, "percent_covered": 100.0, "percent_covered_display": "100", "missing_lines": 0, "excluded_lines": 0, "percent_statements_covered": 100.0, "percent_statements_covered_display": "100"}, "missing_lines": [], "excluded_lines": [], "start_line": 41}, "TestSettings.test_update_existing_setting": {"executed_lines": [53, 55, 56, 57, 58, 60, 64], "summary": {"covered_lines": 7, "num_statements": 7, "percent_covered": 100.0, "percent_covered_display": "100", "missing_lines": 0, "excluded_lines": 0, "percent_statements_covered": 100.0, "percent_statements_covered_display": "100"}, "missing_lines": [], "excluded_lines": [], "start_line": 51}, "TestSettings.test_create_setting_missing_key": {"executed_lines": [68, 71], "summary": {"covered_lines": 2, "num_statements": 2, "percent_covered": 100.0, "percent_covered_display": "100", "missing_lines": 0, "excluded_lines": 0, "percent_statements_covered": 100.0, "percent_statements_covered_display": "100"}, "missing_lines": [], "excluded_lines": [], "start_line": 66}, "TestSettings.test_create_setting_boolean_type": {"executed_lines": [75, 80], "summary": {"covered_lines": 2, "num_statements": 2, "percent_covered": 100.0, "percent_covered_display": "100", "missing_lines": 0, "excluded_lines": 0, "percent_statements_covered": 100.0, "percent_statements_covered_display": "100"}, "missing_lines": [], "excluded_lines": [], "start_line": 73}, "TestSettings.test_create_setting_json_type": {"executed_lines": [84, 89], "summary": {"covered_lines": 2, "num_statements": 2, "percent_covered": 100.0, "percent_covered_display": "100", "missing_lines": 0, "excluded_lines": 0, "percent_statements_covered": 100.0, "percent_statements_covered_display": "100"}, "missing_lines": [], "excluded_lines": [], "start_line": 82}, "TestSettings.test_create_setting_number_type": {"executed_lines": [93, 98], "summary": {"covered_lines": 2, "num_statements": 2, "percent_covered": 100.0, "percent_covered_display": "100", "missing_lines": 0, "excluded_lines": 0, "percent_statements_covered": 100.0, "percent_statements_covered_display": "100"}, "missing_lines": [], "excluded_lines": [], "start_line": 91}, "TestSettings.test_update_setting_by_key": {"executed_lines": [102, 104, 105, 106, 107, 109, 112], "summary": {"covered_lines": 7, "num_statements": 7, "percent_covered": 100.0, "percent_covered_display": "100", "missing_lines": 0, "excluded_lines": 0, "percent_statements_covered": 100.0, "percent_statements_covered_display": "100"}, "missing_lines": [], "excluded_lines": [], "start_line": 100}, "TestSettings.test_update_setting_by_key_new": {"executed_lines": [116, 120], "summary": {"covered_lines": 2, "num_statements": 2, "percent_covered": 100.0, "percent_covered_display": "100", "missing_lines": 0, "excluded_lines": 0, "percent_statements_covered": 100.0, "percent_statements_covered_display": "100"}, "missing_lines": [], "excluded_lines": [], "start_line": 114}, "TestSettings.test_delete_setting": {"executed_lines": [124, 126, 127, 128, 129, 131, 132], "summary": {"covered_lines": 7, "num_statements": 7, "percent_covered": 100.0, "percent_covered_display": "100", "missing_lines": 0, "excluded_lines": 0, "percent_statements_covered": 100.0, "percent_statements_covered_display": "100"}, "missing_lines": [], "excluded_lines": [], "start_line": 122}, "TestSettings.test_delete_setting_not_found": {"executed_lines": [136, 137], "summary": {"covered_lines": 2, "num_statements": 2, "percent_covered": 100.0, "percent_covered_display": "100", "missing_lines": 0, "excluded_lines": 0, "percent_statements_covered": 100.0, "percent_statements_covered_display": "100"}, "missing_lines": [], "excluded_lines": [], "start_line": 134}, "TestSettingsExport.test_export_all_data": {"executed_lines": [145, 147, 148, 149, 150, 152, 153, 154, 156, 157, 158, 159, 160, 161], "summary": {"covered_lines": 14, "num_statements": 14, "percent_covered": 100.0, "percent_covered_display": "100", "missing_lines": 0, "excluded_lines": 0, "percent_statements_covered": 100.0, "percent_statements_covered_display": "100"}, "missing_lines": [], "excluded_lines": [], "start_line": 143}, "TestSettingsExport.test_backup_settings": {"executed_lines": [165, 167, 168, 169, 170, 172, 173, 174, 175, 176], "summary": {"covered_lines": 10, "num_statements": 10, "percent_covered": 100.0, "percent_covered_display": "100", "missing_lines": 0, "excluded_lines": 0, "percent_statements_covered": 100.0, "percent_statements_covered_display": "100"}, "missing_lines": [], "excluded_lines": [], "start_line": 163}, "TestTestMode.test_create_setting_test_mode_enabled": {"executed_lines": [184, 189], "summary": {"covered_lines": 2, "num_statements": 2, "percent_covered": 100.0, "percent_covered_display": "100", "missing_lines": 0, "excluded_lines": 0, "percent_statements_covered": 100.0, "percent_statements_covered_display": "100"}, "missing_lines": [], "excluded_lines": [], "start_line": 182}, "TestTestMode.test_create_setting_test_key": {"executed_lines": [193, 198], "summary": {"covered_lines": 2, "num_statements": 2, "percent_covered": 100.0, "percent_covered_display": "100", "missing_lines": 0, "excluded_lines": 0, "percent_statements_covered": 100.0, "percent_statements_covered_display": "100"}, "missing_lines": [], "excluded_lines": [], "start_line": 191}, "TestTestMode.test_create_setting_include_test_data": {"executed_lines": [202, 207], "summary": {"covered_lines": 2, "num_statements": 2, "percent_covered": 100.0, "percent_covered_display": "100", "missing_lines": 0, "excluded_lines": 0, "percent_statements_covered": 100.0, "percent_statements_covered_display": "100"}, "missing_lines": [], "excluded_lines": [], "start_line": 200}, "": {"executed_lines": [6, 7, 8, 9, 11, 13, 19, 22, 36, 41, 51, 66, 73, 82, 91, 100, 114, 122, 134, 140, 143, 163, 179, 182, 191, 200], "summary": {"covered_lines": 26, "num_statements": 26, "percent_covered": 100.0, "percent_covered_display": "100", "missing_lines": 0, "excluded_lines": 0, "percent_statements_covered": 100.0, "percent_statements_covered_display": "100"}, "missing_lines": [], "excluded_lines": [], "start_line": 1}}, "classes": {"TestSettings": {"executed_lines": [24, 26, 27, 28, 29, 31, 32, 33, 34, 38, 39, 43, 49, 53, 55, 56, 57, 58, 60, 64, 68, 71, 75, 80, 84, 89, 93, 98, 102, 104, 105, 106, 107, 109, 112, 116, 120, 124, 126, 127, 128, 129, 131, 132, 136, 137], "summary": {"covered_lines": 46, "num_statements": 46, "percent_covered": 100.0, "percent_covered_display": "100", "missing_lines": 0, "excluded_lines": 0, "percent_statements_covered": 100.0, "percent_statements_covered_display": "100"}, "missing_lines": [], "excluded_lines": [], "start_line": 19}, "TestSettingsExport": {"executed_lines": [145, 147, 148, 149, 150, 152, 153, 154, 156, 157, 158, 159, 160, 161, 165, 167, 168, 169, 170, 172, 173, 174, 175, 176], "summary": {"covered_lines": 24, "num_statements": 24, "percent_covered": 100.0, "percent_covered_display": "100", "missing_lines": 0, "excluded_lines": 0, "percent_statements_covered": 100.0, "percent_statements_covered_display": "100"}, "missing_lines": [], "excluded_lines": [], "start_line": 140}, "TestTestMode": {"executed_lines": [184, 189, 193, 198, 202, 207], "summary": {"covered_lines": 6, "num_statements": 6, "percent_covered": 100.0, "percent_covered_display": "100", "missing_lines": 0, "excluded_lines": 0, "percent_statements_covered": 100.0, "percent_statements_covered_display": "100"}, "missing_lines": [], "excluded_lines": [], "start_line": 179}, "": {"executed_lines": [6, 7, 8, 9, 11, 13, 19, 22, 36, 41, 51, 66, 73, 82, 91, 100, 114, 122, 134, 140, 143, 163, 179, 182, 191, 200], "summary": {"covered_lines": 26, "num_statements": 26, "percent_covered": 100.0, "percent_covered_display": "100", "missing_lines": 0, "excluded_lines": 0, "percent_statements_covered": 100.0, "percent_statements_covered_display": "100"}, "missing_lines": [], "excluded_lines": [], "start_line": 1}}}, "tests/test_timeline.py": {"executed_lines": [6, 7, 8, 10, 12, 17, 20, 22, 23, 25, 27, 28, 30, 32, 33, 34, 35, 37, 39, 40, 41, 43, 44, 46, 48, 49, 50, 52, 53, 54, 56, 58, 59, 60, 62, 63, 64, 66, 68, 69, 70, 72, 73, 74, 76, 78, 79, 80, 82, 83, 84, 85, 87, 89, 90, 91, 93, 94, 97, 99, 100, 101, 103, 104, 105, 106, 107, 109, 111, 112, 114, 115, 121, 122, 124, 125, 126, 128, 129, 131, 133, 134, 136, 137, 143, 144, 146, 147, 148, 150, 151], "summary": {"covered_lines": 91, "num_statements": 92, "percent_covered": 98.91304347826087, "percent_covered_display": "99", "missing_lines": 1, "excluded_lines": 0, "percent_statements_covered": 98.91304347826087, "percent_statements_covered_display": "99"}, "missing_lines": [95], "excluded_lines": [], "functions": {"TestMaintenanceTimeline.test_timeline_requires_vehicle_id": {"executed_lines": [22, 23], "summary": {"covered_lines": 2, "num_statements": 2, "percent_covered": 100.0, "percent_covered_display": "100", "missing_lines": 0, "excluded_lines": 0, "percent_statements_covered": 100.0, "percent_statements_covered_display": "100"}, "missing_lines": [], "excluded_lines": [], "start_line": 20}, "TestMaintenanceTimeline.test_timeline_invalid_vehicle_id": {"executed_lines": [27, 28], "summary": {"covered_lines": 2, "num_statements": 2, "percent_covered": 100.0, "percent_covered_display": "100", "missing_lines": 0, "excluded_lines": 0, "percent_statements_covered": 100.0, "percent_statements_covered_display": "100"}, "missing_lines": [], "excluded_lines": [], "start_line": 25}, "TestMaintenanceTimeline.test_timeline_returns_list": {"executed_lines": [32, 33, 34, 35], "summary": {"covered_lines": 4, "num_statements": 4, "percent_covered": 100.0, "percent_covered_display": "100", "missing_lines": 0, "excluded_lines": 0, "percent_statements_covered": 100.0, "percent_statements_covered_display": "100"}, "missing_lines": [], "excluded_lines": [], "start_line": 30}, "TestMaintenanceTimeline.test_timeline_contains_service_types": {"executed_lines": [39, 40, 41, 43, 44], "summary": {"covered_lines": 5, "num_statements": 5, "percent_covered": 100.0, "percent_covered_display": "100", "missing_lines": 0, "excluded_lines": 0, "percent_statements_covered": 100.0, "percent_statements_covered_display": "100"}, "missing_lines": [], "excluded_lines": [], "start_line": 37}, "TestMaintenanceTimeline.test_timeline_shows_last_service_date": {"executed_lines": [48, 49, 50, 52, 53, 54], "summary": {"covered_lines": 6, "num_statements": 6, "percent_covered": 100.0, "percent_covered_display": "100", "missing_lines": 0, "excluded_lines": 0, "percent_statements_covered": 100.0, "percent_statements_covered_display": "100"}, "missing_lines": [], "excluded_lines": [], "start_line": 46}, "TestMaintenanceTimeline.test_timeline_shows_next_due_date": {"executed_lines": [58, 59, 60, 62, 63, 64], "summary": {"covered_lines": 6, "num_statements": 6, "percent_covered": 100.0, "percent_covered_display": "100", "missing_lines": 0, "excluded_lines": 0, "percent_statements_covered": 100.0, "percent_statements_covered_display": "100"}, "missing_lines": [], "excluded_lines": [], "start_line": 56}, "TestMaintenanceTimeline.test_timeline_shows_status": {"executed_lines": [68, 69, 70, 72, 73, 74], "summary": {"covered_lines": 6, "num_statements": 6, "percent_covered": 100.0, "percent_covered_display": "100", "missing_lines": 0, "excluded_lines": 0, "percent_statements_covered": 100.0, "percent_statements_covered_display": "100"}, "missing_lines": [], "excluded_lines": [], "start_line": 66}, "TestMaintenanceTimeline.test_timeline_contains_intervals": {"executed_lines": [78, 79, 80, 82, 83, 84, 85], "summary": {"covered_lines": 7, "num_statements": 7, "percent_covered": 100.0, "percent_covered_display": "100", "missing_lines": 0, "excluded_lines": 0, "percent_statements_covered": 100.0, "percent_statements_covered_display": "100"}, "missing_lines": [], "excluded_lines": [], "start_line": 76}, "TestMaintenanceTimeline.test_timeline_with_vehicle_mileage": {"executed_lines": [89, 90, 91, 93, 94], "summary": {"covered_lines": 5, "num_statements": 6, "percent_covered": 83.33333333333333, "percent_covered_display": "83", "missing_lines": 1, "excluded_lines": 0, "percent_statements_covered": 83.33333333333333, "percent_statements_covered_display": "83"}, "missing_lines": [95], "excluded_lines": [], "start_line": 87}, "TestMaintenanceTimeline.test_timeline_no_maintenance_records": {"executed_lines": [99, 100, 101, 103, 104, 105, 106, 107], "summary": {"covered_lines": 8, "num_statements": 8, "percent_covered": 100.0, "percent_covered_display": "100", "missing_lines": 0, "excluded_lines": 0, "percent_statements_covered": 100.0, "percent_statements_covered_display": "100"}, "missing_lines": [], "excluded_lines": [], "start_line": 97}, "TestMaintenanceTimeline.test_timeline_status_overdue": {"executed_lines": [111, 112, 114, 115, 121, 122, 124, 125, 126, 128, 129], "summary": {"covered_lines": 11, "num_statements": 11, "percent_covered": 100.0, "percent_covered_display": "100", "missing_lines": 0, "excluded_lines": 0, "percent_statements_covered": 100.0, "percent_statements_covered_display": "100"}, "missing_lines": [], "excluded_lines": [], "start_line": 109}, "TestMaintenanceTimeline.test_timeline_status_upcoming": {"executed_lines": [133, 134, 136, 137, 143, 144, 146, 147, 148, 150, 151], "summary": {"covered_lines": 11, "num_statements": 11, "percent_covered": 100.0, "percent_covered_display": "100", "missing_lines": 0, "excluded_lines": 0, "percent_statements_covered": 100.0, "percent_statements_covered_display": "100"}, "missing_lines": [], "excluded_lines": [], "start_line": 131}, "": {"executed_lines": [6, 7, 8, 10, 12, 17, 20, 25, 30, 37, 46, 56, 66, 76, 87, 97, 109, 131], "summary": {"covered_lines": 18, "num_statements": 18, "percent_covered": 100.0, "percent_covered_display": "100", "missing_lines": 0, "excluded_lines": 0, "percent_statements_covered": 100.0, "percent_statements_covered_display": "100"}, "missing_lines": [], "excluded_lines": [], "start_line": 1}}, "classes": {"TestMaintenanceTimeline": {"executed_lines": [22, 23, 27, 28, 32, 33, 34, 35, 39, 40, 41, 43, 44, 48, 49, 50, 52, 53, 54, 58, 59, 60, 62, 63, 64, 68, 69, 70, 72, 73, 74, 78, 79, 80, 82, 83, 84, 85, 89, 90, 91, 93, 94, 99, 100, 101, 103, 104, 105, 106, 107, 111, 112, 114, 115, 121, 122, 124, 125, 126, 128, 129, 133, 134, 136, 137, 143, 144, 146, 147, 148, 150, 151], "summary": {"covered_lines": 73, "num_statements": 74, "percent_covered": 98.64864864864865, "percent_covered_display": "99", "missing_lines": 1, "excluded_lines": 0, "percent_statements_covered": 98.64864864864865, "percent_statements_covered_display": "99"}, "missing_lines": [95], "excluded_lines": [], "start_line": 17}, "": {"executed_lines": [6, 7, 8, 10, 12, 17, 20, 25, 30, 37, 46, 56, 66, 76, 87, 97, 109, 131], "summary": {"covered_lines": 18, "num_statements": 18, "percent_covered": 100.0, "percent_covered_display": "100", "missing_lines": 0, "excluded_lines": 0, "percent_statements_covered": 100.0, "percent_statements_covered_display": "100"}, "missing_lines": [], "excluded_lines": [], "start_line": 1}}}}, "totals": {"covered_lines": 1898, "num_statements": 3009, "percent_covered": 63.07743436357594, "percent_covered_display": "63", "missing_lines": 1111, "excluded_lines": 0, "percent_statements_covered": 63.07743436357594, "percent_statements_covered_display": "63"}}